TN:
SF:src/tests/render.tsx
FN:8,appRender
FNF:1
FNH:1
FNDA:7,appRender
DA:2,1
DA:3,1
DA:4,1
DA:5,1
DA:6,1
DA:8,1
DA:9,7
DA:10,7
DA:11,7
DA:12,7
DA:13,7
DA:14,7
DA:15,7
DA:16,7
DA:17,7
DA:18,7
DA:20,1
LF:17
LH:17
BRDA:8,0,0,7
BRF:1
BRH:1
end_of_record
TN:
SF:src/tests/__mocks__/api.ts
FN:6,getBoard
FN:10,getAppointments
FN:14,getStats
FN:27,getCarsOnPremises
FN:31,createAppointment
FN:35,moveAppointment
FN:39,updateAppointmentStatus
FN:43,getDrawer
FN:52,patchAppointment
FN:56,isOnline
FN:57,handleApiError
FN:61,useApi
FNF:12
FNH:7
FNDA:3,getBoard
FNDA:1,getAppointments
FNDA:4,getStats
FNDA:1,getCarsOnPremises
FNDA:0,createAppointment
FNDA:0,moveAppointment
FNDA:0,updateAppointmentStatus
FNDA:1,getDrawer
FNDA:0,patchAppointment
FNDA:4,isOnline
FNDA:0,handleApiError
FNDA:3,useApi
DA:6,3
DA:7,3
DA:8,3
DA:10,1
DA:11,1
DA:12,1
DA:14,4
DA:15,4
DA:16,4
DA:17,4
DA:18,4
DA:19,4
DA:20,4
DA:21,4
DA:22,4
DA:23,4
DA:27,1
DA:28,1
DA:29,1
DA:31,0
DA:32,0
DA:33,0
DA:35,0
DA:36,0
DA:37,0
DA:39,0
DA:40,0
DA:41,0
DA:43,1
DA:44,1
DA:45,1
DA:46,1
DA:47,1
DA:48,1
DA:49,1
DA:50,1
DA:52,0
DA:53,0
DA:54,0
DA:56,1
DA:57,1
DA:60,1
DA:61,1
LF:43
LH:31
BRDA:6,0,0,3
BRDA:10,1,0,1
BRDA:14,2,0,4
BRDA:27,3,0,1
BRDA:43,4,0,1
BRDA:56,5,0,4
BRDA:61,6,0,3
BRF:7
BRH:7
end_of_record
