<?xml version="1.0" ?>
<coverage version="7.10.6" timestamp="1757450589081" lines-valid="5301" lines-covered="405" line-rate="0.0764" branches-valid="1760" branches-covered="11" branch-rate="0.00625" complexity="0">
	<!-- Generated by coverage.py: https://coverage.readthedocs.io/en/7.10.6 -->
	<!-- Based on https://raw.githubusercontent.com/cobertura/web/master/htdocs/xml/coverage-04.dtd -->
	<sources>
		<source>/Users/jesusortiz/Edgars-mobile-auto-shop</source>
	</sources>
	<packages>
		<package name="backend" line-rate="0.0764" branch-rate="0.00625" complexity="0">
			<classes>
				<class name="local_server.py" filename="backend/local_server.py" complexity="0" line-rate="0.0764" branch-rate="0.00625">
					<methods/>
					<lines>
						<line number="9" hits="1"/>
						<line number="30" hits="1"/>
						<line number="32" hits="1"/>
						<line number="33" hits="1"/>
						<line number="34" hits="1"/>
						<line number="35" hits="1"/>
						<line number="39" hits="0"/>
						<line number="40" hits="0"/>
						<line number="104" hits="1"/>
						<line number="105" hits="1"/>
						<line number="106" hits="1"/>
						<line number="107" hits="1"/>
						<line number="108" hits="1"/>
						<line number="109" hits="1"/>
						<line number="110" hits="1"/>
						<line number="111" hits="1"/>
						<line number="112" hits="1"/>
						<line number="113" hits="1"/>
						<line number="114" hits="1"/>
						<line number="115" hits="1"/>
						<line number="116" hits="1"/>
						<line number="117" hits="1"/>
						<line number="118" hits="1"/>
						<line number="119" hits="1"/>
						<line number="120" hits="1"/>
						<line number="121" hits="1"/>
						<line number="122" hits="1"/>
						<line number="124" hits="1"/>
						<line number="125" hits="1"/>
						<line number="126" hits="1"/>
						<line number="127" hits="1"/>
						<line number="128" hits="1"/>
						<line number="129" hits="1"/>
						<line number="130" hits="1"/>
						<line number="138" hits="1"/>
						<line number="139" hits="1"/>
						<line number="141" hits="1"/>
						<line number="142" hits="1"/>
						<line number="143" hits="0"/>
						<line number="144" hits="0"/>
						<line number="145" hits="1"/>
						<line number="153" hits="1"/>
						<line number="154" hits="1"/>
						<line number="158" hits="1"/>
						<line number="164" hits="1"/>
						<line number="170" hits="0"/>
						<line number="171" hits="0" branch="true" condition-coverage="0% (0/2)" missing-branches="172,175"/>
						<line number="172" hits="0"/>
						<line number="173" hits="0"/>
						<line number="174" hits="0"/>
						<line number="175" hits="0"/>
						<line number="176" hits="0" branch="true" condition-coverage="0% (0/2)" missing-branches="177,178"/>
						<line number="177" hits="0"/>
						<line number="178" hits="0"/>
						<line number="184" hits="1"/>
						<line number="185" hits="1"/>
						<line number="195" hits="1"/>
						<line number="198" hits="1" branch="true" condition-coverage="50% (1/2)" missing-branches="210"/>
						<line number="200" hits="1"/>
						<line number="201" hits="1"/>
						<line number="210" hits="0"/>
						<line number="211" hits="0" branch="true" condition-coverage="0% (0/2)" missing-branches="212,217"/>
						<line number="212" hits="0"/>
						<line number="213" hits="0"/>
						<line number="217" hits="0"/>
						<line number="218" hits="0"/>
						<line number="225" hits="1"/>
						<line number="226" hits="1" branch="true" condition-coverage="50% (1/2)" missing-branches="231"/>
						<line number="231" hits="0"/>
						<line number="234" hits="1"/>
						<line number="237" hits="1"/>
						<line number="238" hits="1"/>
						<line number="239" hits="1" branch="true" condition-coverage="50% (1/2)" missing-branches="240"/>
						<line number="240" hits="0"/>
						<line number="241" hits="0"/>
						<line number="245" hits="0" branch="true" condition-coverage="0% (0/2)" missing-branches="246,260"/>
						<line number="246" hits="0"/>
						<line number="247" hits="0"/>
						<line number="249" hits="0"/>
						<line number="260" hits="1"/>
						<line number="262" hits="1" branch="true" condition-coverage="50% (1/2)" missing-branches="294"/>
						<line number="263" hits="1"/>
						<line number="265" hits="1"/>
						<line number="268" hits="1"/>
						<line number="269" hits="1"/>
						<line number="276" hits="0"/>
						<line number="278" hits="0"/>
						<line number="279" hits="0" branch="true" condition-coverage="0% (0/2)" missing-branches="280,286"/>
						<line number="280" hits="0"/>
						<line number="282" hits="0" branch="true" condition-coverage="0% (0/2)" missing-branches="283,286"/>
						<line number="283" hits="0"/>
						<line number="284" hits="0"/>
						<line number="285" hits="0"/>
						<line number="286" hits="0"/>
						<line number="288" hits="1"/>
						<line number="289" hits="1"/>
						<line number="294" hits="1"/>
						<line number="332" hits="1"/>
						<line number="333" hits="1"/>
						<line number="334" hits="1"/>
						<line number="335" hits="1"/>
						<line number="336" hits="1"/>
						<line number="338" hits="1"/>
						<line number="340" hits="1" branch="true" condition-coverage="50% (1/2)" missing-branches="562"/>
						<line number="342" hits="1"/>
						<line number="343" hits="1"/>
						<line number="344" hits="0"/>
						<line number="345" hits="0"/>
						<line number="350" hits="0"/>
						<line number="351" hits="0"/>
						<line number="352" hits="0"/>
						<line number="354" hits="1"/>
						<line number="355" hits="0"/>
						<line number="356" hits="0"/>
						<line number="357" hits="0" branch="true" condition-coverage="0% (0/2)" missing-branches="358,359"/>
						<line number="358" hits="0"/>
						<line number="359" hits="0"/>
						<line number="360" hits="0"/>
						<line number="361" hits="0"/>
						<line number="363" hits="1"/>
						<line number="364" hits="0"/>
						<line number="367" hits="1"/>
						<line number="368" hits="1"/>
						<line number="370" hits="1"/>
						<line number="371" hits="0"/>
						<line number="372" hits="0"/>
						<line number="373" hits="0"/>
						<line number="374" hits="0"/>
						<line number="375" hits="0"/>
						<line number="376" hits="0"/>
						<line number="377" hits="0"/>
						<line number="378" hits="0"/>
						<line number="379" hits="0" branch="true" condition-coverage="0% (0/2)" missing-branches="380,381"/>
						<line number="380" hits="0"/>
						<line number="381" hits="0" branch="true" condition-coverage="0% (0/2)" missing-branches="382,383"/>
						<line number="382" hits="0"/>
						<line number="383" hits="0" branch="true" condition-coverage="0% (0/2)" missing-branches="384,385"/>
						<line number="384" hits="0"/>
						<line number="385" hits="0"/>
						<line number="388" hits="1"/>
						<line number="389" hits="1"/>
						<line number="391" hits="1"/>
						<line number="392" hits="0"/>
						<line number="398" hits="1"/>
						<line number="399" hits="0"/>
						<line number="400" hits="0" branch="true" condition-coverage="0% (0/2)" missing-branches="401,402"/>
						<line number="401" hits="0"/>
						<line number="402" hits="0"/>
						<line number="403" hits="0"/>
						<line number="404" hits="0"/>
						<line number="405" hits="0"/>
						<line number="406" hits="0"/>
						<line number="407" hits="0"/>
						<line number="408" hits="0"/>
						<line number="409" hits="0"/>
						<line number="410" hits="0"/>
						<line number="411" hits="0"/>
						<line number="412" hits="0"/>
						<line number="413" hits="0"/>
						<line number="414" hits="0"/>
						<line number="416" hits="1"/>
						<line number="417" hits="1"/>
						<line number="418" hits="0"/>
						<line number="419" hits="0" branch="true" condition-coverage="0% (0/2)" missing-branches="420,421"/>
						<line number="420" hits="0"/>
						<line number="421" hits="0" branch="true" condition-coverage="0% (0/2)" missing-branches="422,423"/>
						<line number="422" hits="0"/>
						<line number="423" hits="0"/>
						<line number="424" hits="0" branch="true" condition-coverage="0% (0/2)" missing-branches="425,426"/>
						<line number="425" hits="0"/>
						<line number="426" hits="0"/>
						<line number="427" hits="0"/>
						<line number="428" hits="0" branch="true" condition-coverage="0% (0/2)" missing-branches="429,430"/>
						<line number="429" hits="0"/>
						<line number="430" hits="0"/>
						<line number="431" hits="0" branch="true" condition-coverage="0% (0/2)" missing-branches="432,434"/>
						<line number="432" hits="0"/>
						<line number="433" hits="0"/>
						<line number="434" hits="0"/>
						<line number="435" hits="0"/>
						<line number="436" hits="0"/>
						<line number="437" hits="0"/>
						<line number="438" hits="0"/>
						<line number="439" hits="0"/>
						<line number="440" hits="0"/>
						<line number="442" hits="1"/>
						<line number="443" hits="0"/>
						<line number="444" hits="0"/>
						<line number="445" hits="0" branch="true" condition-coverage="0% (0/2)" missing-branches="446,451"/>
						<line number="446" hits="0" branch="true" condition-coverage="0% (0/2)" missing-branches="447,450"/>
						<line number="447" hits="0"/>
						<line number="448" hits="0"/>
						<line number="450" hits="0"/>
						<line number="451" hits="0"/>
						<line number="457" hits="0" branch="true" condition-coverage="0% (0/2)" missing-branches="458,459"/>
						<line number="458" hits="0"/>
						<line number="459" hits="0"/>
						<line number="461" hits="1"/>
						<line number="462" hits="1"/>
						<line number="463" hits="0"/>
						<line number="464" hits="0"/>
						<line number="465" hits="0" branch="true" condition-coverage="0% (0/2)" missing-branches="466,468"/>
						<line number="466" hits="0"/>
						<line number="467" hits="0"/>
						<line number="468" hits="0"/>
						<line number="469" hits="0"/>
						<line number="470" hits="0"/>
						<line number="471" hits="0"/>
						<line number="472" hits="0"/>
						<line number="474" hits="1"/>
						<line number="475" hits="1"/>
						<line number="476" hits="0"/>
						<line number="477" hits="0"/>
						<line number="478" hits="0" branch="true" condition-coverage="0% (0/2)" missing-branches="479,480"/>
						<line number="479" hits="0"/>
						<line number="480" hits="0"/>
						<line number="481" hits="0"/>
						<line number="482" hits="0"/>
						<line number="483" hits="0"/>
						<line number="484" hits="0"/>
						<line number="485" hits="0" branch="true" condition-coverage="0% (0/2)" missing-branches="486,487"/>
						<line number="486" hits="0"/>
						<line number="487" hits="0"/>
						<line number="488" hits="0" branch="true" condition-coverage="0% (0/2)" missing-branches="490,530"/>
						<line number="490" hits="0" branch="true" condition-coverage="0% (0/2)" missing-branches="491,506"/>
						<line number="491" hits="0"/>
						<line number="492" hits="0"/>
						<line number="493" hits="0"/>
						<line number="494" hits="0"/>
						<line number="495" hits="0"/>
						<line number="496" hits="0"/>
						<line number="497" hits="0"/>
						<line number="506" hits="0" branch="true" condition-coverage="0% (0/2)" missing-branches="507,530"/>
						<line number="507" hits="0"/>
						<line number="508" hits="0"/>
						<line number="509" hits="0" branch="true" condition-coverage="0% (0/2)" missing-branches="510,513"/>
						<line number="510" hits="0" branch="true" condition-coverage="0% (0/2)" missing-branches="509,511"/>
						<line number="511" hits="0"/>
						<line number="512" hits="0"/>
						<line number="513" hits="0" branch="true" condition-coverage="0% (0/2)" missing-branches="514,530"/>
						<line number="514" hits="0"/>
						<line number="515" hits="0"/>
						<line number="516" hits="0"/>
						<line number="517" hits="0"/>
						<line number="518" hits="0"/>
						<line number="519" hits="0"/>
						<line number="520" hits="0"/>
						<line number="528" hits="0"/>
						<line number="529" hits="0"/>
						<line number="530" hits="0" branch="true" condition-coverage="0% (0/2)" missing-branches="531,535"/>
						<line number="531" hits="0" branch="true" condition-coverage="0% (0/2)" missing-branches="532,534"/>
						<line number="532" hits="0"/>
						<line number="533" hits="0"/>
						<line number="534" hits="0"/>
						<line number="535" hits="0"/>
						<line number="536" hits="0"/>
						<line number="537" hits="0"/>
						<line number="538" hits="0"/>
						<line number="539" hits="0"/>
						<line number="540" hits="0" branch="true" condition-coverage="0% (0/2)" missing-branches="541,553"/>
						<line number="541" hits="0"/>
						<line number="542" hits="0" branch="true" condition-coverage="0% (0/2)" missing-branches="543,553"/>
						<line number="543" hits="0"/>
						<line number="548" hits="0"/>
						<line number="551" hits="0"/>
						<line number="552" hits="0"/>
						<line number="553" hits="0"/>
						<line number="554" hits="0"/>
						<line number="555" hits="0"/>
						<line number="557" hits="1"/>
						<line number="562" hits="1"/>
						<line number="565" hits="1"/>
						<line number="566" hits="1"/>
						<line number="567" hits="1"/>
						<line number="568" hits="1" branch="true" condition-coverage="50% (1/2)" missing-branches="569"/>
						<line number="569" hits="0"/>
						<line number="570" hits="0"/>
						<line number="573" hits="0"/>
						<line number="575" hits="0" branch="true" condition-coverage="100% (2/2)"/>
						<line number="576" hits="0"/>
						<line number="577" hits="0"/>
						<line number="578" hits="0"/>
						<line number="580" hits="0"/>
						<line number="581" hits="0" branch="true" condition-coverage="0% (0/2)" missing-branches="582,588"/>
						<line number="582" hits="0"/>
						<line number="588" hits="0"/>
						<line number="589" hits="0"/>
						<line number="590" hits="0"/>
						<line number="592" hits="0"/>
						<line number="595" hits="0"/>
						<line number="596" hits="0"/>
						<line number="598" hits="1"/>
						<line number="671" hits="1"/>
						<line number="672" hits="1"/>
						<line number="681" hits="1"/>
						<line number="687" hits="1" branch="true" condition-coverage="50% (1/2)" missing-branches="689"/>
						<line number="688" hits="1"/>
						<line number="689" hits="0" branch="true" condition-coverage="0% (0/2)" missing-branches="690,693"/>
						<line number="690" hits="0"/>
						<line number="693" hits="1"/>
						<line number="696" hits="0" branch="true" condition-coverage="0% (0/2)" missing-branches="exit,698"/>
						<line number="698" hits="0" branch="true" condition-coverage="0% (0/2)" missing-branches="699,701"/>
						<line number="699" hits="0"/>
						<line number="701" hits="0" branch="true" condition-coverage="0% (0/2)" missing-branches="702,705"/>
						<line number="702" hits="0"/>
						<line number="705" hits="0"/>
						<line number="706" hits="0"/>
						<line number="707" hits="0" branch="true" condition-coverage="0% (0/2)" missing-branches="708,710"/>
						<line number="708" hits="0"/>
						<line number="710" hits="0" branch="true" condition-coverage="0% (0/2)" missing-branches="711,715"/>
						<line number="711" hits="0"/>
						<line number="712" hits="0"/>
						<line number="713" hits="0"/>
						<line number="715" hits="0"/>
						<line number="716" hits="0" branch="true" condition-coverage="0% (0/2)" missing-branches="717,718"/>
						<line number="717" hits="0"/>
						<line number="718" hits="0" branch="true" condition-coverage="0% (0/2)" missing-branches="exit,719"/>
						<line number="719" hits="0"/>
						<line number="720" hits="0"/>
						<line number="721" hits="0"/>
						<line number="732" hits="1"/>
						<line number="740" hits="0"/>
						<line number="741" hits="0" branch="true" condition-coverage="0% (0/2)" missing-branches="743,745"/>
						<line number="743" hits="0"/>
						<line number="745" hits="0"/>
						<line number="746" hits="0"/>
						<line number="747" hits="0"/>
						<line number="748" hits="0"/>
						<line number="749" hits="0"/>
						<line number="750" hits="0"/>
						<line number="753" hits="1"/>
						<line number="754" hits="1"/>
						<line number="758" hits="1"/>
						<line number="759" hits="1"/>
						<line number="772" hits="0"/>
						<line number="773" hits="0"/>
						<line number="882" hits="1"/>
						<line number="885" hits="1"/>
						<line number="886" hits="1"/>
						<line number="888" hits="1"/>
						<line number="889" hits="1"/>
						<line number="890" hits="1"/>
						<line number="893" hits="1"/>
						<line number="894" hits="1"/>
						<line number="895" hits="1"/>
						<line number="900" hits="1"/>
						<line number="901" hits="1"/>
						<line number="907" hits="1"/>
						<line number="908" hits="1"/>
						<line number="909" hits="1"/>
						<line number="910" hits="0"/>
						<line number="912" hits="0"/>
						<line number="913" hits="0"/>
						<line number="914" hits="0"/>
						<line number="915" hits="0"/>
						<line number="916" hits="0"/>
						<line number="917" hits="0"/>
						<line number="941" hits="0"/>
						<line number="955" hits="1"/>
						<line number="957" hits="0"/>
						<line number="961" hits="1"/>
						<line number="962" hits="1"/>
						<line number="965" hits="1"/>
						<line number="966" hits="1"/>
						<line number="972" hits="0"/>
						<line number="973" hits="0" branch="true" condition-coverage="0% (0/2)" missing-branches="974,977"/>
						<line number="974" hits="0"/>
						<line number="975" hits="0" branch="true" condition-coverage="0% (0/2)" missing-branches="976,977"/>
						<line number="976" hits="0"/>
						<line number="977" hits="0" branch="true" condition-coverage="0% (0/2)" missing-branches="978,979"/>
						<line number="978" hits="0"/>
						<line number="979" hits="0"/>
						<line number="982" hits="0"/>
						<line number="984" hits="0"/>
						<line number="986" hits="0"/>
						<line number="987" hits="0"/>
						<line number="998" hits="1"/>
						<line number="999" hits="1"/>
						<line number="1001" hits="0"/>
						<line number="1002" hits="0"/>
						<line number="1003" hits="0"/>
						<line number="1033" hits="0"/>
						<line number="1034" hits="0"/>
						<line number="1036" hits="0"/>
						<line number="1037" hits="0"/>
						<line number="1038" hits="0"/>
						<line number="1039" hits="0"/>
						<line number="1040" hits="0"/>
						<line number="1041" hits="0" branch="true" condition-coverage="0% (0/2)" missing-branches="1042,1044"/>
						<line number="1042" hits="0"/>
						<line number="1043" hits="0"/>
						<line number="1044" hits="0"/>
						<line number="1045" hits="0"/>
						<line number="1046" hits="0"/>
						<line number="1047" hits="0" branch="true" condition-coverage="0% (0/2)" missing-branches="1048,1051"/>
						<line number="1048" hits="0"/>
						<line number="1049" hits="0"/>
						<line number="1050" hits="0"/>
						<line number="1051" hits="0"/>
						<line number="1062" hits="0"/>
						<line number="1063" hits="0"/>
						<line number="1065" hits="0" branch="true" condition-coverage="0% (0/2)" missing-branches="1066,1068"/>
						<line number="1066" hits="0"/>
						<line number="1068" hits="0"/>
						<line number="1069" hits="0"/>
						<line number="1070" hits="0"/>
						<line number="1071" hits="0"/>
						<line number="1075" hits="0"/>
						<line number="1076" hits="0"/>
						<line number="1077" hits="0"/>
						<line number="1078" hits="0"/>
						<line number="1079" hits="0"/>
						<line number="1080" hits="0"/>
						<line number="1081" hits="0"/>
						<line number="1082" hits="0"/>
						<line number="1083" hits="0"/>
						<line number="1095" hits="1"/>
						<line number="1131" hits="1" branch="true" condition-coverage="50% (1/2)" missing-branches="1141"/>
						<line number="1132" hits="1"/>
						<line number="1139" hits="1"/>
						<line number="1141" hits="0"/>
						<line number="1144" hits="1"/>
						<line number="1145" hits="1"/>
						<line number="1146" hits="1"/>
						<line number="1147" hits="0"/>
						<line number="1154" hits="0"/>
						<line number="1155" hits="0"/>
						<line number="1248" hits="1"/>
						<line number="1249" hits="1"/>
						<line number="1251" hits="0"/>
						<line number="1252" hits="0"/>
						<line number="1253" hits="0"/>
						<line number="1257" hits="0"/>
						<line number="1258" hits="0"/>
						<line number="1259" hits="0" branch="true" condition-coverage="0% (0/2)" missing-branches="1260,1268"/>
						<line number="1260" hits="0"/>
						<line number="1263" hits="0"/>
						<line number="1264" hits="0"/>
						<line number="1265" hits="0"/>
						<line number="1268" hits="0"/>
						<line number="1269" hits="0"/>
						<line number="1270" hits="0"/>
						<line number="1271" hits="0"/>
						<line number="1274" hits="0"/>
						<line number="1275" hits="0"/>
						<line number="1276" hits="0"/>
						<line number="1277" hits="0"/>
						<line number="1278" hits="0"/>
						<line number="1279" hits="0"/>
						<line number="1280" hits="0"/>
						<line number="1281" hits="0"/>
						<line number="1282" hits="0"/>
						<line number="1283" hits="0"/>
						<line number="1285" hits="0"/>
						<line number="1286" hits="0"/>
						<line number="1287" hits="0"/>
						<line number="1288" hits="0"/>
						<line number="1290" hits="0"/>
						<line number="1291" hits="0" branch="true" condition-coverage="0% (0/2)" missing-branches="1292,1294"/>
						<line number="1292" hits="0"/>
						<line number="1293" hits="0"/>
						<line number="1294" hits="0" branch="true" condition-coverage="0% (0/2)" missing-branches="1296,1299"/>
						<line number="1296" hits="0"/>
						<line number="1297" hits="0"/>
						<line number="1299" hits="0"/>
						<line number="1300" hits="0" branch="true" condition-coverage="0% (0/2)" missing-branches="1301,1302"/>
						<line number="1301" hits="0"/>
						<line number="1302" hits="0"/>
						<line number="1304" hits="0"/>
						<line number="1306" hits="0"/>
						<line number="1307" hits="0" branch="true" condition-coverage="0% (0/2)" missing-branches="1308,1311"/>
						<line number="1308" hits="0"/>
						<line number="1309" hits="0"/>
						<line number="1311" hits="0"/>
						<line number="1314" hits="0"/>
						<line number="1315" hits="0"/>
						<line number="1316" hits="0"/>
						<line number="1317" hits="0" branch="true" condition-coverage="0% (0/2)" missing-branches="1318,1319"/>
						<line number="1318" hits="0"/>
						<line number="1319" hits="0"/>
						<line number="1321" hits="0"/>
						<line number="1322" hits="0"/>
						<line number="1323" hits="0"/>
						<line number="1324" hits="0"/>
						<line number="1325" hits="0"/>
						<line number="1327" hits="0"/>
						<line number="1328" hits="0"/>
						<line number="1329" hits="0"/>
						<line number="1330" hits="0"/>
						<line number="1332" hits="0"/>
						<line number="1333" hits="0"/>
						<line number="1334" hits="0"/>
						<line number="1335" hits="0"/>
						<line number="1337" hits="0"/>
						<line number="1339" hits="0" branch="true" condition-coverage="0% (0/2)" missing-branches="1340,1343"/>
						<line number="1340" hits="0"/>
						<line number="1341" hits="0"/>
						<line number="1343" hits="0"/>
						<line number="1344" hits="0"/>
						<line number="1346" hits="0"/>
						<line number="1349" hits="0"/>
						<line number="1355" hits="0" branch="true" condition-coverage="0% (0/2)" missing-branches="1361,1364"/>
						<line number="1361" hits="0"/>
						<line number="1364" hits="0" branch="true" condition-coverage="0% (0/2)" missing-branches="1365,1379"/>
						<line number="1365" hits="0"/>
						<line number="1366" hits="0"/>
						<line number="1367" hits="0"/>
						<line number="1371" hits="0"/>
						<line number="1372" hits="0" branch="true" condition-coverage="0% (0/2)" missing-branches="1373,1379"/>
						<line number="1373" hits="0"/>
						<line number="1374" hits="0"/>
						<line number="1375" hits="0"/>
						<line number="1379" hits="0"/>
						<line number="1380" hits="0"/>
						<line number="1381" hits="0"/>
						<line number="1382" hits="0"/>
						<line number="1387" hits="0"/>
						<line number="1388" hits="0"/>
						<line number="1392" hits="0"/>
						<line number="1393" hits="0"/>
						<line number="1394" hits="0"/>
						<line number="1397" hits="0"/>
						<line number="1398" hits="0"/>
						<line number="1399" hits="0"/>
						<line number="1400" hits="0"/>
						<line number="1403" hits="0"/>
						<line number="1404" hits="0"/>
						<line number="1406" hits="0"/>
						<line number="1411" hits="0"/>
						<line number="1413" hits="0" branch="true" condition-coverage="0% (0/2)" missing-branches="1414,1425"/>
						<line number="1414" hits="0"/>
						<line number="1415" hits="0"/>
						<line number="1418" hits="0"/>
						<line number="1419" hits="0"/>
						<line number="1420" hits="0"/>
						<line number="1421" hits="0"/>
						<line number="1422" hits="0"/>
						<line number="1425" hits="0"/>
						<line number="1426" hits="0"/>
						<line number="1427" hits="0"/>
						<line number="1430" hits="0"/>
						<line number="1431" hits="0"/>
						<line number="1432" hits="0" branch="true" condition-coverage="0% (0/2)" missing-branches="1433,1435"/>
						<line number="1433" hits="0"/>
						<line number="1434" hits="0"/>
						<line number="1435" hits="0"/>
						<line number="1436" hits="0" branch="true" condition-coverage="0% (0/2)" missing-branches="1442,1533"/>
						<line number="1442" hits="0"/>
						<line number="1443" hits="0"/>
						<line number="1444" hits="0"/>
						<line number="1447" hits="0"/>
						<line number="1450" hits="0"/>
						<line number="1451" hits="0"/>
						<line number="1454" hits="0" branch="true" condition-coverage="0% (0/2)" missing-branches="1455,1460"/>
						<line number="1455" hits="0" branch="true" condition-coverage="0% (0/2)" missing-branches="1456,1458"/>
						<line number="1456" hits="0"/>
						<line number="1457" hits="0"/>
						<line number="1458" hits="0"/>
						<line number="1460" hits="0" branch="true" condition-coverage="0% (0/2)" missing-branches="1462,1474"/>
						<line number="1462" hits="0"/>
						<line number="1463" hits="0"/>
						<line number="1464" hits="0"/>
						<line number="1465" hits="0"/>
						<line number="1466" hits="0"/>
						<line number="1470" hits="0" branch="true" condition-coverage="0% (0/2)" missing-branches="1471,1533"/>
						<line number="1471" hits="0"/>
						<line number="1474" hits="0"/>
						<line number="1477" hits="0" branch="true" condition-coverage="0% (0/2)" missing-branches="1478,1487"/>
						<line number="1478" hits="0"/>
						<line number="1481" hits="0"/>
						<line number="1484" hits="0"/>
						<line number="1487" hits="0" branch="true" condition-coverage="0% (0/2)" missing-branches="1494,1503"/>
						<line number="1494" hits="0"/>
						<line number="1497" hits="0"/>
						<line number="1500" hits="0"/>
						<line number="1503" hits="0"/>
						<line number="1506" hits="0"/>
						<line number="1509" hits="0"/>
						<line number="1513" hits="0"/>
						<line number="1514" hits="0"/>
						<line number="1515" hits="0"/>
						<line number="1517" hits="0" branch="true" condition-coverage="0% (0/2)" missing-branches="1518,1526"/>
						<line number="1518" hits="0"/>
						<line number="1521" hits="0"/>
						<line number="1524" hits="0"/>
						<line number="1526" hits="0"/>
						<line number="1529" hits="0"/>
						<line number="1533" hits="0"/>
						<line number="1534" hits="0"/>
						<line number="1535" hits="0" branch="true" condition-coverage="0% (0/2)" missing-branches="1536,1542"/>
						<line number="1536" hits="0"/>
						<line number="1537" hits="0"/>
						<line number="1538" hits="0"/>
						<line number="1542" hits="0"/>
						<line number="1543" hits="0" branch="true" condition-coverage="0% (0/2)" missing-branches="exit,1544"/>
						<line number="1544" hits="0"/>
						<line number="1548" hits="0"/>
						<line number="1549" hits="0"/>
						<line number="1550" hits="0"/>
						<line number="1551" hits="0"/>
						<line number="1552" hits="0"/>
						<line number="1554" hits="0"/>
						<line number="1555" hits="0"/>
						<line number="1556" hits="0"/>
						<line number="1557" hits="0"/>
						<line number="1558" hits="0"/>
						<line number="1560" hits="0"/>
						<line number="1561" hits="0" branch="true" condition-coverage="0% (0/2)" missing-branches="1562,1568"/>
						<line number="1562" hits="0" branch="true" condition-coverage="0% (0/2)" missing-branches="1563,1568"/>
						<line number="1563" hits="0"/>
						<line number="1566" hits="0"/>
						<line number="1567" hits="0"/>
						<line number="1568" hits="0"/>
						<line number="1580" hits="1"/>
						<line number="1582" hits="0"/>
						<line number="1602" hits="1"/>
						<line number="1605" hits="1"/>
						<line number="1610" hits="0" branch="true" condition-coverage="0% (0/2)" missing-branches="1611,1613"/>
						<line number="1611" hits="0"/>
						<line number="1613" hits="0"/>
						<line number="1614" hits="0" branch="true" condition-coverage="0% (0/2)" missing-branches="1615,1616"/>
						<line number="1615" hits="0"/>
						<line number="1616" hits="0"/>
						<line number="1617" hits="0" branch="true" condition-coverage="0% (0/2)" missing-branches="1618,1619"/>
						<line number="1618" hits="0"/>
						<line number="1619" hits="0"/>
						<line number="1620" hits="0"/>
						<line number="1627" hits="0"/>
						<line number="1628" hits="0"/>
						<line number="1629" hits="0"/>
						<line number="1630" hits="0"/>
						<line number="1631" hits="0"/>
						<line number="1632" hits="0"/>
						<line number="1633" hits="0"/>
						<line number="1634" hits="0"/>
						<line number="1635" hits="0"/>
						<line number="1636" hits="0"/>
						<line number="1637" hits="0"/>
						<line number="1638" hits="0"/>
						<line number="1639" hits="0"/>
						<line number="1643" hits="0"/>
						<line number="1644" hits="0" branch="true" condition-coverage="0% (0/2)" missing-branches="1645,1648"/>
						<line number="1645" hits="0"/>
						<line number="1648" hits="0"/>
						<line number="1652" hits="0"/>
						<line number="1653" hits="0"/>
						<line number="1654" hits="0" branch="true" condition-coverage="0% (0/2)" missing-branches="1655,1672"/>
						<line number="1655" hits="0"/>
						<line number="1656" hits="0"/>
						<line number="1657" hits="0"/>
						<line number="1658" hits="0"/>
						<line number="1661" hits="0"/>
						<line number="1662" hits="0"/>
						<line number="1663" hits="0"/>
						<line number="1664" hits="0"/>
						<line number="1666" hits="0"/>
						<line number="1667" hits="0"/>
						<line number="1670" hits="0"/>
						<line number="1671" hits="0"/>
						<line number="1672" hits="0"/>
						<line number="1673" hits="0"/>
						<line number="1674" hits="0"/>
						<line number="1675" hits="0"/>
						<line number="1676" hits="0"/>
						<line number="1679" hits="1"/>
						<line number="1681" hits="1"/>
						<line number="1682" hits="1"/>
						<line number="1691" hits="0"/>
						<line number="1693" hits="0"/>
						<line number="1697" hits="0"/>
						<line number="1699" hits="0" branch="true" condition-coverage="0% (0/2)" missing-branches="1700,1720"/>
						<line number="1700" hits="0"/>
						<line number="1701" hits="0" branch="true" condition-coverage="0% (0/2)" missing-branches="1702,1703"/>
						<line number="1702" hits="0"/>
						<line number="1703" hits="0"/>
						<line number="1704" hits="0" branch="true" condition-coverage="0% (0/2)" missing-branches="1705,1706"/>
						<line number="1705" hits="0"/>
						<line number="1706" hits="0"/>
						<line number="1707" hits="0"/>
						<line number="1709" hits="0"/>
						<line number="1710" hits="0" branch="true" condition-coverage="0% (0/2)" missing-branches="1711,1712"/>
						<line number="1711" hits="0"/>
						<line number="1712" hits="0" branch="true" condition-coverage="0% (0/2)" missing-branches="1713,1714"/>
						<line number="1713" hits="0"/>
						<line number="1714" hits="0" branch="true" condition-coverage="0% (0/2)" missing-branches="1699,1715"/>
						<line number="1715" hits="0"/>
						<line number="1716" hits="0" branch="true" condition-coverage="0% (0/2)" missing-branches="1699,1717"/>
						<line number="1717" hits="0"/>
						<line number="1718" hits="0"/>
						<line number="1719" hits="0"/>
						<line number="1720" hits="0"/>
						<line number="1721" hits="0" branch="true" condition-coverage="0% (0/2)" missing-branches="1722,1730"/>
						<line number="1722" hits="0"/>
						<line number="1723" hits="0"/>
						<line number="1724" hits="0"/>
						<line number="1725" hits="0"/>
						<line number="1730" hits="0"/>
						<line number="1736" hits="1"/>
						<line number="1738" hits="0" branch="true" condition-coverage="0% (0/2)" missing-branches="1739,1740"/>
						<line number="1739" hits="0"/>
						<line number="1740" hits="0"/>
						<line number="1743" hits="1"/>
						<line number="1752" hits="0"/>
						<line number="1753" hits="0"/>
						<line number="1757" hits="0" branch="true" condition-coverage="0% (0/2)" missing-branches="1758,1759"/>
						<line number="1758" hits="0"/>
						<line number="1759" hits="0"/>
						<line number="1770" hits="1"/>
						<line number="1771" hits="0"/>
						<line number="1773" hits="0"/>
						<line number="1774" hits="0"/>
						<line number="1777" hits="1"/>
						<line number="1783" hits="0"/>
						<line number="1784" hits="0"/>
						<line number="1785" hits="0"/>
						<line number="1786" hits="0"/>
						<line number="1787" hits="0" branch="true" condition-coverage="0% (0/2)" missing-branches="1788,1789"/>
						<line number="1788" hits="0"/>
						<line number="1789" hits="0" branch="true" condition-coverage="0% (0/2)" missing-branches="1790,1793"/>
						<line number="1790" hits="0"/>
						<line number="1791" hits="0"/>
						<line number="1792" hits="0"/>
						<line number="1793" hits="0"/>
						<line number="1796" hits="1"/>
						<line number="1797" hits="0"/>
						<line number="1799" hits="0"/>
						<line number="1800" hits="0"/>
						<line number="1801" hits="0" branch="true" condition-coverage="0% (0/2)" missing-branches="1802,1803"/>
						<line number="1802" hits="0"/>
						<line number="1803" hits="0"/>
						<line number="1804" hits="0"/>
						<line number="1807" hits="1"/>
						<line number="1808" hits="0"/>
						<line number="1814" hits="0"/>
						<line number="1817" hits="1"/>
						<line number="1818" hits="0"/>
						<line number="1824" hits="0"/>
						<line number="1827" hits="1"/>
						<line number="1828" hits="0"/>
						<line number="1829" hits="0" branch="true" condition-coverage="0% (0/2)" missing-branches="1830,1831"/>
						<line number="1830" hits="0"/>
						<line number="1831" hits="0" branch="true" condition-coverage="0% (0/2)" missing-branches="1832,1833"/>
						<line number="1832" hits="0"/>
						<line number="1833" hits="0" branch="true" condition-coverage="0% (0/2)" missing-branches="1834,1835"/>
						<line number="1834" hits="0"/>
						<line number="1835" hits="0" branch="true" condition-coverage="0% (0/2)" missing-branches="1836,1837"/>
						<line number="1836" hits="0"/>
						<line number="1837" hits="0"/>
						<line number="1840" hits="1"/>
						<line number="1842" hits="0"/>
						<line number="1845" hits="0" branch="true" condition-coverage="0% (0/2)" missing-branches="1846,1848"/>
						<line number="1846" hits="0"/>
						<line number="1848" hits="0" branch="true" condition-coverage="0% (0/2)" missing-branches="1849,1851"/>
						<line number="1849" hits="0"/>
						<line number="1851" hits="0" branch="true" condition-coverage="0% (0/2)" missing-branches="1852,1857"/>
						<line number="1852" hits="0" branch="true" condition-coverage="0% (0/2)" missing-branches="1853,1855"/>
						<line number="1853" hits="0"/>
						<line number="1855" hits="0"/>
						<line number="1857" hits="0" branch="true" condition-coverage="0% (0/2)" missing-branches="1858,1864"/>
						<line number="1858" hits="0" branch="true" condition-coverage="0% (0/2)" missing-branches="1859,1862"/>
						<line number="1859" hits="0"/>
						<line number="1862" hits="0"/>
						<line number="1864" hits="0" branch="true" condition-coverage="0% (0/2)" missing-branches="1865,1873"/>
						<line number="1865" hits="0" branch="true" condition-coverage="0% (0/2)" missing-branches="1866,1869"/>
						<line number="1866" hits="0"/>
						<line number="1869" hits="0"/>
						<line number="1870" hits="0"/>
						<line number="1871" hits="0"/>
						<line number="1873" hits="0" branch="true" condition-coverage="0% (0/2)" missing-branches="1874,1881"/>
						<line number="1874" hits="0" branch="true" condition-coverage="0% (0/2)" missing-branches="1875,1878"/>
						<line number="1875" hits="0"/>
						<line number="1878" hits="0"/>
						<line number="1879" hits="0"/>
						<line number="1881" hits="0" branch="true" condition-coverage="0% (0/2)" missing-branches="1882,1884"/>
						<line number="1882" hits="0"/>
						<line number="1884" hits="0"/>
						<line number="1887" hits="1"/>
						<line number="1888" hits="0"/>
						<line number="1889" hits="0" branch="true" condition-coverage="0% (0/2)" missing-branches="1890,1894"/>
						<line number="1890" hits="0"/>
						<line number="1892" hits="0" branch="true" condition-coverage="0% (0/2)" missing-branches="1893,1894"/>
						<line number="1893" hits="0"/>
						<line number="1894" hits="0" branch="true" condition-coverage="0% (0/2)" missing-branches="1895,1896"/>
						<line number="1895" hits="0"/>
						<line number="1896" hits="0"/>
						<line number="1899" hits="1"/>
						<line number="1901" hits="0"/>
						<line number="1903" hits="0"/>
						<line number="1906" hits="0" branch="true" condition-coverage="0% (0/2)" missing-branches="1907,1913"/>
						<line number="1907" hits="0" branch="true" condition-coverage="0% (0/2)" missing-branches="1908,1909"/>
						<line number="1908" hits="0"/>
						<line number="1909" hits="0" branch="true" condition-coverage="0% (0/2)" missing-branches="1910,1913"/>
						<line number="1910" hits="0"/>
						<line number="1913" hits="0" branch="true" condition-coverage="0% (0/2)" missing-branches="1914,1918"/>
						<line number="1914" hits="0" branch="true" condition-coverage="0% (0/2)" missing-branches="1915,1918"/>
						<line number="1915" hits="0"/>
						<line number="1918" hits="0" branch="true" condition-coverage="0% (0/2)" missing-branches="1919,1924"/>
						<line number="1919" hits="0"/>
						<line number="1920" hits="0" branch="true" condition-coverage="0% (0/2)" missing-branches="1921,1924"/>
						<line number="1921" hits="0"/>
						<line number="1924" hits="0" branch="true" condition-coverage="0% (0/2)" missing-branches="1925,1936"/>
						<line number="1925" hits="0" branch="true" condition-coverage="0% (0/2)" missing-branches="1926,1928"/>
						<line number="1926" hits="0"/>
						<line number="1928" hits="0" branch="true" condition-coverage="0% (0/2)" missing-branches="1929,1930"/>
						<line number="1929" hits="0"/>
						<line number="1930" hits="0" branch="true" condition-coverage="0% (0/2)" missing-branches="1931,1936"/>
						<line number="1931" hits="0"/>
						<line number="1932" hits="0" branch="true" condition-coverage="0% (0/2)" missing-branches="1930,1933"/>
						<line number="1933" hits="0"/>
						<line number="1936" hits="0" branch="true" condition-coverage="0% (0/2)" missing-branches="1937,1942"/>
						<line number="1937" hits="0" branch="true" condition-coverage="0% (0/2)" missing-branches="1938,1942"/>
						<line number="1938" hits="0"/>
						<line number="1942" hits="0"/>
						<line number="1945" hits="1"/>
						<line number="1946" hits="0"/>
						<line number="1947" hits="0" branch="true" condition-coverage="0% (0/2)" missing-branches="1948,1949"/>
						<line number="1948" hits="0"/>
						<line number="1949" hits="0" branch="true" condition-coverage="0% (0/2)" missing-branches="1950,1951"/>
						<line number="1950" hits="0"/>
						<line number="1951" hits="0" branch="true" condition-coverage="0% (0/2)" missing-branches="1952,1956"/>
						<line number="1952" hits="0"/>
						<line number="1953" hits="0"/>
						<line number="1954" hits="0"/>
						<line number="1955" hits="0"/>
						<line number="1956" hits="0" branch="true" condition-coverage="0% (0/2)" missing-branches="1957,1958"/>
						<line number="1957" hits="0"/>
						<line number="1958" hits="0" branch="true" condition-coverage="0% (0/2)" missing-branches="1959,1960"/>
						<line number="1959" hits="0"/>
						<line number="1960" hits="0" branch="true" condition-coverage="0% (0/2)" missing-branches="1961,1962"/>
						<line number="1961" hits="0"/>
						<line number="1962" hits="0" branch="true" condition-coverage="0% (0/2)" missing-branches="1963,1964"/>
						<line number="1963" hits="0"/>
						<line number="1964" hits="0"/>
						<line number="1967" hits="1"/>
						<line number="1968" hits="0"/>
						<line number="1969" hits="0" branch="true" condition-coverage="0% (0/2)" missing-branches="1970,1972"/>
						<line number="1970" hits="0" branch="true" condition-coverage="0% (0/2)" missing-branches="1971,1972"/>
						<line number="1971" hits="0"/>
						<line number="1972" hits="0" branch="true" condition-coverage="0% (0/2)" missing-branches="1973,1975"/>
						<line number="1973" hits="0"/>
						<line number="1975" hits="0"/>
						<line number="1978" hits="1"/>
						<line number="1980" hits="1"/>
						<line number="1981" hits="1"/>
						<line number="1983" hits="0" branch="true" condition-coverage="0% (0/2)" missing-branches="1984,1999"/>
						<line number="1984" hits="0"/>
						<line number="1985" hits="0"/>
						<line number="1995" hits="0" branch="true" condition-coverage="0% (0/2)" missing-branches="1996,1999"/>
						<line number="1996" hits="0"/>
						<line number="1997" hits="0"/>
						<line number="1999" hits="0"/>
						<line number="2001" hits="0"/>
						<line number="2002" hits="0"/>
						<line number="2003" hits="0"/>
						<line number="2004" hits="0"/>
						<line number="2005" hits="0"/>
						<line number="2006" hits="0"/>
						<line number="2008" hits="0"/>
						<line number="2009" hits="0" branch="true" condition-coverage="0% (0/2)" missing-branches="2010,2014"/>
						<line number="2010" hits="0"/>
						<line number="2011" hits="0"/>
						<line number="2012" hits="0"/>
						<line number="2014" hits="0"/>
						<line number="2015" hits="0"/>
						<line number="2016" hits="0"/>
						<line number="2017" hits="0"/>
						<line number="2018" hits="0" branch="true" condition-coverage="0% (0/2)" missing-branches="2019,2022"/>
						<line number="2019" hits="0"/>
						<line number="2020" hits="0"/>
						<line number="2021" hits="0"/>
						<line number="2022" hits="0"/>
						<line number="2027" hits="0" branch="true" condition-coverage="0% (0/2)" missing-branches="2028,2033"/>
						<line number="2028" hits="0"/>
						<line number="2031" hits="0"/>
						<line number="2032" hits="0"/>
						<line number="2033" hits="0"/>
						<line number="2034" hits="0"/>
						<line number="2048" hits="0"/>
						<line number="2049" hits="0" branch="true" condition-coverage="0% (0/2)" missing-branches="2050,2058"/>
						<line number="2050" hits="0"/>
						<line number="2056" hits="0"/>
						<line number="2057" hits="0"/>
						<line number="2058" hits="0" branch="true" condition-coverage="0% (0/2)" missing-branches="2059,2075"/>
						<line number="2059" hits="0"/>
						<line number="2071" hits="0"/>
						<line number="2072" hits="0"/>
						<line number="2073" hits="0"/>
						<line number="2075" hits="0"/>
						<line number="2076" hits="0" branch="true" condition-coverage="0% (0/2)" missing-branches="2077,2093"/>
						<line number="2077" hits="0"/>
						<line number="2089" hits="0"/>
						<line number="2090" hits="0"/>
						<line number="2091" hits="0"/>
						<line number="2093" hits="0"/>
						<line number="2094" hits="0"/>
						<line number="2095" hits="0" branch="true" condition-coverage="0% (0/2)" missing-branches="2096,2103"/>
						<line number="2096" hits="0" branch="true" condition-coverage="0% (0/2)" missing-branches="2097,2100"/>
						<line number="2097" hits="0"/>
						<line number="2098" hits="0"/>
						<line number="2100" hits="0"/>
						<line number="2101" hits="0"/>
						<line number="2103" hits="0"/>
						<line number="2104" hits="0"/>
						<line number="2105" hits="0"/>
						<line number="2108" hits="0"/>
						<line number="2109" hits="0"/>
						<line number="2111" hits="0"/>
						<line number="2114" hits="0"/>
						<line number="2116" hits="0"/>
						<line number="2117" hits="0"/>
						<line number="2118" hits="0"/>
						<line number="2123" hits="0"/>
						<line number="2124" hits="0" branch="true" condition-coverage="0% (0/2)" missing-branches="2125,2129"/>
						<line number="2125" hits="0"/>
						<line number="2126" hits="0" branch="true" condition-coverage="0% (0/2)" missing-branches="2124,2127"/>
						<line number="2127" hits="0"/>
						<line number="2129" hits="0"/>
						<line number="2130" hits="0" branch="true" condition-coverage="0% (0/2)" missing-branches="2131,2137"/>
						<line number="2131" hits="0"/>
						<line number="2135" hits="0"/>
						<line number="2136" hits="0"/>
						<line number="2137" hits="0"/>
						<line number="2149" hits="0"/>
						<line number="2150" hits="0"/>
						<line number="2151" hits="0"/>
						<line number="2157" hits="1"/>
						<line number="2159" hits="1"/>
						<line number="2160" hits="1"/>
						<line number="2163" hits="0"/>
						<line number="2164" hits="0"/>
						<line number="2165" hits="0"/>
						<line number="2168" hits="0"/>
						<line number="2169" hits="0" branch="true" condition-coverage="0% (0/2)" missing-branches="2170,2173"/>
						<line number="2170" hits="0"/>
						<line number="2171" hits="0"/>
						<line number="2173" hits="0"/>
						<line number="2176" hits="0"/>
						<line number="2177" hits="0" branch="true" condition-coverage="0% (0/2)" missing-branches="2178,2184"/>
						<line number="2178" hits="0"/>
						<line number="2179" hits="0"/>
						<line number="2184" hits="0"/>
						<line number="2187" hits="0"/>
						<line number="2188" hits="0"/>
						<line number="2189" hits="0"/>
						<line number="2190" hits="0"/>
						<line number="2191" hits="0"/>
						<line number="2192" hits="0"/>
						<line number="2193" hits="0"/>
						<line number="2195" hits="0" branch="true" condition-coverage="0% (0/2)" missing-branches="2196,2204"/>
						<line number="2196" hits="0"/>
						<line number="2204" hits="0" branch="true" condition-coverage="0% (0/2)" missing-branches="2205,2218"/>
						<line number="2205" hits="0"/>
						<line number="2218" hits="0"/>
						<line number="2219" hits="0" branch="true" condition-coverage="0% (0/2)" missing-branches="2220,2224"/>
						<line number="2220" hits="0"/>
						<line number="2224" hits="0" branch="true" condition-coverage="0% (0/2)" missing-branches="2225,2240"/>
						<line number="2225" hits="0"/>
						<line number="2236" hits="0"/>
						<line number="2237" hits="0"/>
						<line number="2240" hits="0"/>
						<line number="2241" hits="0"/>
						<line number="2242" hits="0"/>
						<line number="2244" hits="0"/>
						<line number="2245" hits="0" branch="true" condition-coverage="0% (0/2)" missing-branches="2246,2257"/>
						<line number="2246" hits="0"/>
						<line number="2247" hits="0" branch="true" condition-coverage="0% (0/2)" missing-branches="2249,2257"/>
						<line number="2249" hits="0"/>
						<line number="2253" hits="0"/>
						<line number="2255" hits="0"/>
						<line number="2257" hits="0" branch="true" condition-coverage="0% (0/2)" missing-branches="2258,2281"/>
						<line number="2258" hits="0"/>
						<line number="2259" hits="0"/>
						<line number="2262" hits="0"/>
						<line number="2263" hits="0"/>
						<line number="2264" hits="0"/>
						<line number="2265" hits="0" branch="true" condition-coverage="0% (0/2)" missing-branches="2266,2281"/>
						<line number="2266" hits="0"/>
						<line number="2267" hits="0" branch="true" condition-coverage="0% (0/2)" missing-branches="2268,2281"/>
						<line number="2268" hits="0"/>
						<line number="2281" hits="0" branch="true" condition-coverage="0% (0/2)" missing-branches="2282,2302"/>
						<line number="2282" hits="0"/>
						<line number="2283" hits="0"/>
						<line number="2286" hits="0" branch="true" condition-coverage="0% (0/2)" missing-branches="2287,2302"/>
						<line number="2287" hits="0"/>
						<line number="2298" hits="0"/>
						<line number="2300" hits="0"/>
						<line number="2302" hits="0"/>
						<line number="2304" hits="0"/>
						<line number="2305" hits="0"/>
						<line number="2306" hits="0"/>
						<line number="2307" hits="0"/>
						<line number="2310" hits="0"/>
						<line number="2311" hits="0"/>
						<line number="2312" hits="0"/>
						<line number="2313" hits="0" branch="true" condition-coverage="0% (0/2)" missing-branches="2314,2317"/>
						<line number="2314" hits="0"/>
						<line number="2315" hits="0"/>
						<line number="2317" hits="0"/>
						<line number="2318" hits="0"/>
						<line number="2319" hits="0"/>
						<line number="2324" hits="0"/>
						<line number="2325" hits="0"/>
						<line number="2327" hits="0" branch="true" condition-coverage="0% (0/2)" missing-branches="2329,2357"/>
						<line number="2329" hits="0" branch="true" condition-coverage="0% (0/2)" missing-branches="2330,2332"/>
						<line number="2330" hits="0"/>
						<line number="2332" hits="0"/>
						<line number="2333" hits="0"/>
						<line number="2334" hits="0" branch="true" condition-coverage="0% (0/2)" missing-branches="2335,2336"/>
						<line number="2335" hits="0"/>
						<line number="2336" hits="0" branch="true" condition-coverage="0% (0/2)" missing-branches="2337,2340"/>
						<line number="2337" hits="0"/>
						<line number="2338" hits="0"/>
						<line number="2339" hits="0"/>
						<line number="2340" hits="0"/>
						<line number="2357" hits="0"/>
						<line number="2358" hits="0"/>
						<line number="2359" hits="0"/>
						<line number="2360" hits="0"/>
						<line number="2361" hits="0"/>
						<line number="2362" hits="0" branch="true" condition-coverage="0% (0/2)" missing-branches="2363,2364"/>
						<line number="2363" hits="0"/>
						<line number="2364" hits="0" branch="true" condition-coverage="0% (0/2)" missing-branches="2365,2368"/>
						<line number="2365" hits="0"/>
						<line number="2366" hits="0"/>
						<line number="2367" hits="0"/>
						<line number="2368" hits="0"/>
						<line number="2384" hits="0"/>
						<line number="2385" hits="0"/>
						<line number="2386" hits="0"/>
						<line number="2388" hits="0"/>
						<line number="2390" hits="0"/>
						<line number="2391" hits="0"/>
						<line number="2392" hits="0"/>
						<line number="2393" hits="0"/>
						<line number="2394" hits="0"/>
						<line number="2395" hits="0" branch="true" condition-coverage="0% (0/2)" missing-branches="2396,2404"/>
						<line number="2396" hits="0" branch="true" condition-coverage="0% (0/2)" missing-branches="2397,2403"/>
						<line number="2397" hits="0"/>
						<line number="2403" hits="0"/>
						<line number="2404" hits="0" branch="true" condition-coverage="0% (0/2)" missing-branches="2405,2420"/>
						<line number="2405" hits="0" branch="true" condition-coverage="0% (0/2)" missing-branches="2406,2417"/>
						<line number="2406" hits="0"/>
						<line number="2417" hits="0"/>
						<line number="2418" hits="0"/>
						<line number="2419" hits="0"/>
						<line number="2420" hits="0"/>
						<line number="2504" hits="1"/>
						<line number="2506" hits="1"/>
						<line number="2507" hits="1"/>
						<line number="2508" hits="0"/>
						<line number="2509" hits="0" branch="true" condition-coverage="0% (0/2)" missing-branches="2510,2513"/>
						<line number="2510" hits="0"/>
						<line number="2511" hits="0"/>
						<line number="2512" hits="0"/>
						<line number="2513" hits="0"/>
						<line number="2514" hits="0"/>
						<line number="2515" hits="0"/>
						<line number="2516" hits="0"/>
						<line number="2517" hits="0"/>
						<line number="2518" hits="0"/>
						<line number="2519" hits="0"/>
						<line number="2520" hits="0"/>
						<line number="2521" hits="0"/>
						<line number="2522" hits="0"/>
						<line number="2523" hits="0" branch="true" condition-coverage="0% (0/2)" missing-branches="2524,2527"/>
						<line number="2524" hits="0"/>
						<line number="2525" hits="0"/>
						<line number="2526" hits="0"/>
						<line number="2527" hits="0"/>
						<line number="2530" hits="0"/>
						<line number="2541" hits="0"/>
						<line number="2542" hits="0"/>
						<line number="2543" hits="0"/>
						<line number="2549" hits="1"/>
						<line number="2551" hits="1"/>
						<line number="2552" hits="1"/>
						<line number="2554" hits="0"/>
						<line number="2555" hits="0" branch="true" condition-coverage="0% (0/2)" missing-branches="2556,2571"/>
						<line number="2556" hits="0"/>
						<line number="2557" hits="0"/>
						<line number="2567" hits="0" branch="true" condition-coverage="0% (0/2)" missing-branches="2568,2571"/>
						<line number="2568" hits="0"/>
						<line number="2569" hits="0"/>
						<line number="2571" hits="0"/>
						<line number="2572" hits="0" branch="true" condition-coverage="0% (0/2)" missing-branches="2573,2577"/>
						<line number="2573" hits="0"/>
						<line number="2574" hits="0"/>
						<line number="2575" hits="0"/>
						<line number="2577" hits="0"/>
						<line number="2578" hits="0"/>
						<line number="2579" hits="0"/>
						<line number="2580" hits="0"/>
						<line number="2581" hits="0"/>
						<line number="2582" hits="0"/>
						<line number="2584" hits="0"/>
						<line number="2585" hits="0" branch="true" condition-coverage="0% (0/2)" missing-branches="2586,2590"/>
						<line number="2586" hits="0"/>
						<line number="2587" hits="0"/>
						<line number="2588" hits="0"/>
						<line number="2590" hits="0"/>
						<line number="2591" hits="0"/>
						<line number="2592" hits="0"/>
						<line number="2593" hits="0"/>
						<line number="2594" hits="0" branch="true" condition-coverage="0% (0/2)" missing-branches="2595,2598"/>
						<line number="2595" hits="0"/>
						<line number="2596" hits="0"/>
						<line number="2597" hits="0"/>
						<line number="2598" hits="0"/>
						<line number="2601" hits="0" branch="true" condition-coverage="0% (0/2)" missing-branches="2602,2607"/>
						<line number="2602" hits="0"/>
						<line number="2605" hits="0"/>
						<line number="2606" hits="0"/>
						<line number="2607" hits="0"/>
						<line number="2608" hits="0"/>
						<line number="2623" hits="0"/>
						<line number="2624" hits="0" branch="true" condition-coverage="0% (0/2)" missing-branches="2625,2633"/>
						<line number="2625" hits="0"/>
						<line number="2631" hits="0"/>
						<line number="2632" hits="0"/>
						<line number="2633" hits="0" branch="true" condition-coverage="0% (0/2)" missing-branches="2634,2651"/>
						<line number="2634" hits="0"/>
						<line number="2646" hits="0"/>
						<line number="2647" hits="0"/>
						<line number="2648" hits="0"/>
						<line number="2651" hits="0" branch="true" condition-coverage="0% (0/2)" missing-branches="2653,2658"/>
						<line number="2653" hits="0"/>
						<line number="2658" hits="0"/>
						<line number="2659" hits="0"/>
						<line number="2662" hits="0"/>
						<line number="2663" hits="0"/>
						<line number="2666" hits="0"/>
						<line number="2667" hits="0" branch="true" condition-coverage="0% (0/2)" missing-branches="2668,2671"/>
						<line number="2668" hits="0"/>
						<line number="2669" hits="0" branch="true" condition-coverage="0% (0/2)" missing-branches="2667,2670"/>
						<line number="2670" hits="0"/>
						<line number="2671" hits="0"/>
						<line number="2672" hits="0" branch="true" condition-coverage="0% (0/2)" missing-branches="2673,2679"/>
						<line number="2673" hits="0"/>
						<line number="2677" hits="0"/>
						<line number="2678" hits="0"/>
						<line number="2679" hits="0"/>
						<line number="2691" hits="0"/>
						<line number="2692" hits="0"/>
						<line number="2693" hits="0"/>
						<line number="2702" hits="1"/>
						<line number="2704" hits="1"/>
						<line number="2705" hits="1"/>
						<line number="2717" hits="0"/>
						<line number="2718" hits="0" branch="true" condition-coverage="0% (0/2)" missing-branches="2719,2723"/>
						<line number="2719" hits="0"/>
						<line number="2720" hits="0"/>
						<line number="2721" hits="0"/>
						<line number="2723" hits="0"/>
						<line number="2724" hits="0"/>
						<line number="2725" hits="0"/>
						<line number="2726" hits="0"/>
						<line number="2727" hits="0"/>
						<line number="2728" hits="0"/>
						<line number="2730" hits="0"/>
						<line number="2731" hits="0"/>
						<line number="2733" hits="0" branch="true" condition-coverage="0% (0/2)" missing-branches="2734,2738"/>
						<line number="2734" hits="0"/>
						<line number="2735" hits="0"/>
						<line number="2736" hits="0"/>
						<line number="2738" hits="0"/>
						<line number="2739" hits="0"/>
						<line number="2740" hits="0"/>
						<line number="2741" hits="0"/>
						<line number="2742" hits="0"/>
						<line number="2743" hits="0"/>
						<line number="2745" hits="0"/>
						<line number="2746" hits="0"/>
						<line number="2747" hits="0"/>
						<line number="2749" hits="0"/>
						<line number="2750" hits="0" branch="true" condition-coverage="0% (0/2)" missing-branches="2751,2756"/>
						<line number="2751" hits="0"/>
						<line number="2752" hits="0"/>
						<line number="2753" hits="0"/>
						<line number="2756" hits="0"/>
						<line number="2757" hits="0"/>
						<line number="2758" hits="0" branch="true" condition-coverage="0% (0/2)" missing-branches="2759,2763"/>
						<line number="2759" hits="0"/>
						<line number="2760" hits="0"/>
						<line number="2761" hits="0"/>
						<line number="2763" hits="0"/>
						<line number="2766" hits="0" branch="true" condition-coverage="0% (0/2)" missing-branches="2767,2787"/>
						<line number="2767" hits="0"/>
						<line number="2783" hits="0"/>
						<line number="2784" hits="0"/>
						<line number="2787" hits="0"/>
						<line number="2788" hits="0" branch="true" condition-coverage="0% (0/2)" missing-branches="2789,2792"/>
						<line number="2789" hits="0"/>
						<line number="2792" hits="0"/>
						<line number="2798" hits="0"/>
						<line number="2799" hits="0"/>
						<line number="2803" hits="0"/>
						<line number="2804" hits="0"/>
						<line number="2807" hits="0"/>
						<line number="2809" hits="0"/>
						<line number="2825" hits="0"/>
						<line number="2826" hits="0"/>
						<line number="2835" hits="1"/>
						<line number="2837" hits="1"/>
						<line number="2838" hits="1"/>
						<line number="2849" hits="0"/>
						<line number="2850" hits="0" branch="true" condition-coverage="0% (0/2)" missing-branches="2851,2855"/>
						<line number="2851" hits="0"/>
						<line number="2855" hits="0"/>
						<line number="2856" hits="0" branch="true" condition-coverage="0% (0/2)" missing-branches="2857,2860"/>
						<line number="2857" hits="0"/>
						<line number="2860" hits="0" branch="true" condition-coverage="0% (0/2)" missing-branches="2861,2897"/>
						<line number="2861" hits="0" branch="true" condition-coverage="0% (0/2)" missing-branches="2862,2894"/>
						<line number="2862" hits="0"/>
						<line number="2874" hits="0"/>
						<line number="2890" hits="0"/>
						<line number="2894" hits="0"/>
						<line number="2897" hits="0"/>
						<line number="2898" hits="0"/>
						<line number="2899" hits="0"/>
						<line number="2909" hits="0"/>
						<line number="2910" hits="0" branch="true" condition-coverage="0% (0/2)" missing-branches="2911,2913"/>
						<line number="2911" hits="0"/>
						<line number="2913" hits="0"/>
						<line number="2922" hits="0"/>
						<line number="2924" hits="0"/>
						<line number="2934" hits="0"/>
						<line number="2944" hits="0"/>
						<line number="2950" hits="1"/>
						<line number="2952" hits="1"/>
						<line number="2953" hits="1"/>
						<line number="2964" hits="0"/>
						<line number="2966" hits="0" branch="true" condition-coverage="0% (0/2)" missing-branches="2968,2978"/>
						<line number="2968" hits="0"/>
						<line number="2969" hits="0" branch="true" condition-coverage="0% (0/2)" missing-branches="2970,2974"/>
						<line number="2970" hits="0"/>
						<line number="2974" hits="0"/>
						<line number="2975" hits="0"/>
						<line number="2976" hits="0"/>
						<line number="2978" hits="0"/>
						<line number="2979" hits="0"/>
						<line number="2980" hits="0"/>
						<line number="2981" hits="0"/>
						<line number="2982" hits="0"/>
						<line number="2983" hits="0"/>
						<line number="2984" hits="0"/>
						<line number="2985" hits="0"/>
						<line number="2986" hits="0"/>
						<line number="2987" hits="0" branch="true" condition-coverage="0% (0/2)" missing-branches="2988,2989"/>
						<line number="2988" hits="0"/>
						<line number="2989" hits="0" branch="true" condition-coverage="0% (0/2)" missing-branches="2990,2991"/>
						<line number="2990" hits="0"/>
						<line number="2991" hits="0"/>
						<line number="2992" hits="0"/>
						<line number="2995" hits="0"/>
						<line number="2996" hits="0" branch="true" condition-coverage="0% (0/2)" missing-branches="2997,3003"/>
						<line number="2997" hits="0"/>
						<line number="3003" hits="0"/>
						<line number="3004" hits="0"/>
						<line number="3005" hits="0"/>
						<line number="3006" hits="0" branch="true" condition-coverage="0% (0/2)" missing-branches="3007,3009"/>
						<line number="3007" hits="0"/>
						<line number="3008" hits="0"/>
						<line number="3009" hits="0" branch="true" condition-coverage="0% (0/2)" missing-branches="3010,3014"/>
						<line number="3010" hits="0"/>
						<line number="3011" hits="0"/>
						<line number="3014" hits="0"/>
						<line number="3015" hits="0"/>
						<line number="3016" hits="0"/>
						<line number="3018" hits="0"/>
						<line number="3021" hits="0"/>
						<line number="3023" hits="0"/>
						<line number="3026" hits="0"/>
						<line number="3027" hits="0" branch="true" condition-coverage="0% (0/2)" missing-branches="3028,3031"/>
						<line number="3028" hits="0"/>
						<line number="3031" hits="0"/>
						<line number="3032" hits="0"/>
						<line number="3033" hits="0"/>
						<line number="3034" hits="0"/>
						<line number="3035" hits="0"/>
						<line number="3041" hits="0"/>
						<line number="3042" hits="0"/>
						<line number="3043" hits="0"/>
						<line number="3044" hits="0"/>
						<line number="3045" hits="0"/>
						<line number="3051" hits="0"/>
						<line number="3057" hits="1"/>
						<line number="3059" hits="1"/>
						<line number="3060" hits="1"/>
						<line number="3061" hits="0"/>
						<line number="3062" hits="0" branch="true" condition-coverage="0% (0/2)" missing-branches="3063,3078"/>
						<line number="3063" hits="0"/>
						<line number="3073" hits="0" branch="true" condition-coverage="0% (0/2)" missing-branches="3074,3078"/>
						<line number="3074" hits="0"/>
						<line number="3075" hits="0"/>
						<line number="3078" hits="0"/>
						<line number="3081" hits="0" branch="true" condition-coverage="0% (0/2)" missing-branches="3082,3086"/>
						<line number="3082" hits="0"/>
						<line number="3083" hits="0"/>
						<line number="3086" hits="0"/>
						<line number="3087" hits="0"/>
						<line number="3088" hits="0"/>
						<line number="3089" hits="0"/>
						<line number="3090" hits="0"/>
						<line number="3091" hits="0"/>
						<line number="3092" hits="0"/>
						<line number="3094" hits="0"/>
						<line number="3095" hits="0"/>
						<line number="3097" hits="0"/>
						<line number="3098" hits="0"/>
						<line number="3099" hits="0"/>
						<line number="3100" hits="0" branch="true" condition-coverage="0% (0/2)" missing-branches="3101,3102"/>
						<line number="3101" hits="0"/>
						<line number="3102" hits="0"/>
						<line number="3105" hits="0"/>
						<line number="3107" hits="0"/>
						<line number="3108" hits="0"/>
						<line number="3109" hits="0"/>
						<line number="3110" hits="0" branch="true" condition-coverage="0% (0/2)" missing-branches="3111,3129"/>
						<line number="3111" hits="0"/>
						<line number="3113" hits="0"/>
						<line number="3114" hits="0"/>
						<line number="3115" hits="0"/>
						<line number="3116" hits="0"/>
						<line number="3121" hits="0" branch="true" condition-coverage="0% (0/2)" missing-branches="3122,3129"/>
						<line number="3122" hits="0"/>
						<line number="3127" hits="0"/>
						<line number="3128" hits="0"/>
						<line number="3129" hits="0"/>
						<line number="3134" hits="0"/>
						<line number="3135" hits="0"/>
						<line number="3136" hits="0"/>
						<line number="3137" hits="0"/>
						<line number="3140" hits="0"/>
						<line number="3141" hits="0"/>
						<line number="3147" hits="1"/>
						<line number="3148" hits="1"/>
						<line number="3149" hits="0"/>
						<line number="3150" hits="0" branch="true" condition-coverage="0% (0/2)" missing-branches="3151,3166"/>
						<line number="3151" hits="0"/>
						<line number="3161" hits="0" branch="true" condition-coverage="0% (0/2)" missing-branches="3162,3166"/>
						<line number="3162" hits="0"/>
						<line number="3163" hits="0"/>
						<line number="3166" hits="0"/>
						<line number="3169" hits="0" branch="true" condition-coverage="0% (0/2)" missing-branches="3170,3174"/>
						<line number="3170" hits="0"/>
						<line number="3171" hits="0"/>
						<line number="3174" hits="0"/>
						<line number="3175" hits="0"/>
						<line number="3176" hits="0"/>
						<line number="3177" hits="0"/>
						<line number="3178" hits="0"/>
						<line number="3179" hits="0"/>
						<line number="3180" hits="0"/>
						<line number="3182" hits="0"/>
						<line number="3183" hits="0"/>
						<line number="3185" hits="0"/>
						<line number="3186" hits="0"/>
						<line number="3187" hits="0"/>
						<line number="3188" hits="0"/>
						<line number="3189" hits="0" branch="true" condition-coverage="0% (0/2)" missing-branches="3190,3191"/>
						<line number="3190" hits="0"/>
						<line number="3191" hits="0"/>
						<line number="3192" hits="0"/>
						<line number="3194" hits="0"/>
						<line number="3195" hits="0"/>
						<line number="3196" hits="0"/>
						<line number="3197" hits="0" branch="true" condition-coverage="0% (0/2)" missing-branches="3198,3214"/>
						<line number="3198" hits="0"/>
						<line number="3200" hits="0"/>
						<line number="3201" hits="0"/>
						<line number="3202" hits="0"/>
						<line number="3203" hits="0"/>
						<line number="3208" hits="0" branch="true" condition-coverage="0% (0/2)" missing-branches="3209,3214"/>
						<line number="3209" hits="0"/>
						<line number="3212" hits="0"/>
						<line number="3213" hits="0"/>
						<line number="3214" hits="0"/>
						<line number="3219" hits="0"/>
						<line number="3220" hits="0"/>
						<line number="3221" hits="0"/>
						<line number="3222" hits="0"/>
						<line number="3223" hits="0"/>
						<line number="3224" hits="0"/>
						<line number="3227" hits="1"/>
						<line number="3228" hits="1"/>
						<line number="3229" hits="0"/>
						<line number="3230" hits="0" branch="true" condition-coverage="0% (0/2)" missing-branches="3231,3245"/>
						<line number="3231" hits="0"/>
						<line number="3241" hits="0" branch="true" condition-coverage="0% (0/2)" missing-branches="3242,3245"/>
						<line number="3242" hits="0"/>
						<line number="3243" hits="0"/>
						<line number="3245" hits="0"/>
						<line number="3246" hits="0"/>
						<line number="3247" hits="0"/>
						<line number="3249" hits="0"/>
						<line number="3250" hits="0"/>
						<line number="3251" hits="0"/>
						<line number="3252" hits="0"/>
						<line number="3253" hits="0" branch="true" condition-coverage="0% (0/2)" missing-branches="3254,3255"/>
						<line number="3254" hits="0"/>
						<line number="3255" hits="0"/>
						<line number="3256" hits="0"/>
						<line number="3258" hits="0"/>
						<line number="3259" hits="0"/>
						<line number="3260" hits="0"/>
						<line number="3261" hits="0" branch="true" condition-coverage="0% (0/2)" missing-branches="3262,3276"/>
						<line number="3262" hits="0"/>
						<line number="3263" hits="0"/>
						<line number="3264" hits="0"/>
						<line number="3265" hits="0"/>
						<line number="3270" hits="0" branch="true" condition-coverage="0% (0/2)" missing-branches="3271,3276"/>
						<line number="3271" hits="0"/>
						<line number="3274" hits="0"/>
						<line number="3275" hits="0"/>
						<line number="3276" hits="0"/>
						<line number="3277" hits="0"/>
						<line number="3278" hits="0"/>
						<line number="3279" hits="0"/>
						<line number="3282" hits="1"/>
						<line number="3283" hits="1"/>
						<line number="3284" hits="0"/>
						<line number="3285" hits="0" branch="true" condition-coverage="0% (0/2)" missing-branches="3286,3300"/>
						<line number="3286" hits="0"/>
						<line number="3296" hits="0" branch="true" condition-coverage="0% (0/2)" missing-branches="3297,3300"/>
						<line number="3297" hits="0"/>
						<line number="3298" hits="0"/>
						<line number="3300" hits="0"/>
						<line number="3301" hits="0"/>
						<line number="3302" hits="0"/>
						<line number="3304" hits="0"/>
						<line number="3305" hits="0"/>
						<line number="3306" hits="0"/>
						<line number="3307" hits="0"/>
						<line number="3308" hits="0" branch="true" condition-coverage="0% (0/2)" missing-branches="3309,3310"/>
						<line number="3309" hits="0"/>
						<line number="3310" hits="0"/>
						<line number="3311" hits="0"/>
						<line number="3313" hits="0"/>
						<line number="3314" hits="0"/>
						<line number="3315" hits="0"/>
						<line number="3316" hits="0" branch="true" condition-coverage="0% (0/2)" missing-branches="3317,3331"/>
						<line number="3317" hits="0"/>
						<line number="3318" hits="0"/>
						<line number="3319" hits="0"/>
						<line number="3320" hits="0"/>
						<line number="3325" hits="0" branch="true" condition-coverage="0% (0/2)" missing-branches="3326,3331"/>
						<line number="3326" hits="0"/>
						<line number="3329" hits="0"/>
						<line number="3330" hits="0"/>
						<line number="3331" hits="0"/>
						<line number="3332" hits="0"/>
						<line number="3333" hits="0"/>
						<line number="3334" hits="0"/>
						<line number="3337" hits="1"/>
						<line number="3338" hits="1"/>
						<line number="3346" hits="0"/>
						<line number="3347" hits="0" branch="true" condition-coverage="0% (0/2)" missing-branches="3348,3363"/>
						<line number="3348" hits="0"/>
						<line number="3358" hits="0" branch="true" condition-coverage="0% (0/2)" missing-branches="3359,3363"/>
						<line number="3359" hits="0"/>
						<line number="3360" hits="0"/>
						<line number="3363" hits="0"/>
						<line number="3366" hits="0" branch="true" condition-coverage="0% (0/2)" missing-branches="3367,3370"/>
						<line number="3367" hits="0"/>
						<line number="3368" hits="0"/>
						<line number="3370" hits="0"/>
						<line number="3371" hits="0"/>
						<line number="3372" hits="0" branch="true" condition-coverage="0% (0/2)" missing-branches="3373,3376"/>
						<line number="3373" hits="0"/>
						<line number="3376" hits="0"/>
						<line number="3377" hits="0"/>
						<line number="3378" hits="0"/>
						<line number="3379" hits="0"/>
						<line number="3380" hits="0"/>
						<line number="3381" hits="0"/>
						<line number="3382" hits="0"/>
						<line number="3384" hits="0"/>
						<line number="3385" hits="0"/>
						<line number="3386" hits="0"/>
						<line number="3387" hits="0" branch="true" condition-coverage="0% (0/2)" missing-branches="3388,3389"/>
						<line number="3388" hits="0"/>
						<line number="3389" hits="0"/>
						<line number="3391" hits="0"/>
						<line number="3396" hits="0"/>
						<line number="3404" hits="1"/>
						<line number="3414" hits="0" branch="true" condition-coverage="0% (0/2)" missing-branches="3415,3416"/>
						<line number="3415" hits="0"/>
						<line number="3416" hits="0"/>
						<line number="3417" hits="0"/>
						<line number="3418" hits="0"/>
						<line number="3419" hits="0"/>
						<line number="3420" hits="0" branch="true" condition-coverage="0% (0/2)" missing-branches="3421,3423"/>
						<line number="3421" hits="0"/>
						<line number="3423" hits="0"/>
						<line number="3424" hits="0"/>
						<line number="3425" hits="0"/>
						<line number="3426" hits="0" branch="true" condition-coverage="0% (0/2)" missing-branches="3427,3429"/>
						<line number="3427" hits="0"/>
						<line number="3429" hits="0" branch="true" condition-coverage="0% (0/2)" missing-branches="3430,3440"/>
						<line number="3430" hits="0" branch="true" condition-coverage="0% (0/2)" missing-branches="3431,3436"/>
						<line number="3431" hits="0"/>
						<line number="3432" hits="0" branch="true" condition-coverage="0% (0/2)" missing-branches="3433,3440"/>
						<line number="3433" hits="0"/>
						<line number="3436" hits="0" branch="true" condition-coverage="0% (0/2)" missing-branches="3437,3439"/>
						<line number="3437" hits="0"/>
						<line number="3439" hits="0"/>
						<line number="3440" hits="0" branch="true" condition-coverage="0% (0/2)" missing-branches="3441,3442"/>
						<line number="3441" hits="0"/>
						<line number="3442" hits="0"/>
						<line number="3445" hits="1"/>
						<line number="3451" hits="0"/>
						<line number="3452" hits="0"/>
						<line number="3453" hits="0"/>
						<line number="3454" hits="0"/>
						<line number="3460" hits="1"/>
						<line number="3461" hits="1"/>
						<line number="3467" hits="0"/>
						<line number="3469" hits="0"/>
						<line number="3470" hits="0"/>
						<line number="3471" hits="0"/>
						<line number="3472" hits="0"/>
						<line number="3473" hits="0"/>
						<line number="3474" hits="0"/>
						<line number="3475" hits="0"/>
						<line number="3476" hits="0"/>
						<line number="3477" hits="0" branch="true" condition-coverage="0% (0/2)" missing-branches="3478,3482"/>
						<line number="3478" hits="0"/>
						<line number="3482" hits="0"/>
						<line number="3483" hits="0"/>
						<line number="3484" hits="0"/>
						<line number="3485" hits="0"/>
						<line number="3486" hits="0"/>
						<line number="3487" hits="0" branch="true" condition-coverage="0% (0/2)" missing-branches="3488,3489"/>
						<line number="3488" hits="0"/>
						<line number="3489" hits="0"/>
						<line number="3490" hits="0"/>
						<line number="3491" hits="0"/>
						<line number="3492" hits="0"/>
						<line number="3501" hits="0"/>
						<line number="3502" hits="0"/>
						<line number="3512" hits="0"/>
						<line number="3513" hits="0"/>
						<line number="3517" hits="0"/>
						<line number="3518" hits="0"/>
						<line number="3519" hits="0"/>
						<line number="3520" hits="0"/>
						<line number="3521" hits="0"/>
						<line number="3522" hits="0"/>
						<line number="3528" hits="1"/>
						<line number="3529" hits="1"/>
						<line number="3530" hits="1"/>
						<line number="3538" hits="0"/>
						<line number="3539" hits="0"/>
						<line number="3540" hits="0"/>
						<line number="3541" hits="0"/>
						<line number="3543" hits="0"/>
						<line number="3553" hits="0"/>
						<line number="3554" hits="0"/>
						<line number="3563" hits="0"/>
						<line number="3564" hits="0"/>
						<line number="3566" hits="0"/>
						<line number="3575" hits="0"/>
						<line number="3577" hits="0"/>
						<line number="3578" hits="0"/>
						<line number="3584" hits="1"/>
						<line number="3586" hits="0"/>
						<line number="3587" hits="0"/>
						<line number="3588" hits="0"/>
						<line number="3591" hits="1"/>
						<line number="3598" hits="0"/>
						<line number="3612" hits="1"/>
						<line number="3619" hits="0"/>
						<line number="3620" hits="0"/>
						<line number="3621" hits="0"/>
						<line number="3622" hits="0"/>
						<line number="3623" hits="0" branch="true" condition-coverage="0% (0/2)" missing-branches="3624,3625"/>
						<line number="3624" hits="0"/>
						<line number="3625" hits="0"/>
						<line number="3628" hits="1"/>
						<line number="3629" hits="1"/>
						<line number="3636" hits="0"/>
						<line number="3638" hits="0"/>
						<line number="3639" hits="0"/>
						<line number="3640" hits="0"/>
						<line number="3641" hits="0"/>
						<line number="3642" hits="0"/>
						<line number="3643" hits="0"/>
						<line number="3644" hits="0"/>
						<line number="3647" hits="0"/>
						<line number="3648" hits="0"/>
						<line number="3649" hits="0"/>
						<line number="3650" hits="0"/>
						<line number="3652" hits="0"/>
						<line number="3653" hits="0"/>
						<line number="3654" hits="0"/>
						<line number="3655" hits="0"/>
						<line number="3656" hits="0"/>
						<line number="3657" hits="0"/>
						<line number="3658" hits="0"/>
						<line number="3659" hits="0"/>
						<line number="3660" hits="0"/>
						<line number="3661" hits="0" branch="true" condition-coverage="0% (0/2)" missing-branches="3662,3664"/>
						<line number="3662" hits="0"/>
						<line number="3664" hits="0"/>
						<line number="3665" hits="0"/>
						<line number="3667" hits="0"/>
						<line number="3668" hits="0" branch="true" condition-coverage="0% (0/2)" missing-branches="3669,3674"/>
						<line number="3669" hits="0"/>
						<line number="3670" hits="0"/>
						<line number="3671" hits="0" branch="true" condition-coverage="0% (0/2)" missing-branches="3672,3674"/>
						<line number="3672" hits="0"/>
						<line number="3674" hits="0"/>
						<line number="3675" hits="0" branch="true" condition-coverage="0% (0/2)" missing-branches="3676,3677"/>
						<line number="3676" hits="0"/>
						<line number="3677" hits="0" branch="true" condition-coverage="0% (0/2)" missing-branches="3678,3683"/>
						<line number="3678" hits="0"/>
						<line number="3683" hits="0"/>
						<line number="3684" hits="0"/>
						<line number="3686" hits="0"/>
						<line number="3687" hits="0"/>
						<line number="3688" hits="0" branch="true" condition-coverage="0% (0/2)" missing-branches="3690,3711"/>
						<line number="3690" hits="0"/>
						<line number="3692" hits="0"/>
						<line number="3693" hits="0" branch="true" condition-coverage="0% (0/2)" missing-branches="3694,3698"/>
						<line number="3694" hits="0"/>
						<line number="3698" hits="0"/>
						<line number="3699" hits="0"/>
						<line number="3700" hits="0" branch="true" condition-coverage="0% (0/2)" missing-branches="3701,3702"/>
						<line number="3701" hits="0"/>
						<line number="3702" hits="0"/>
						<line number="3703" hits="0"/>
						<line number="3704" hits="0"/>
						<line number="3705" hits="0"/>
						<line number="3706" hits="0"/>
						<line number="3707" hits="0"/>
						<line number="3708" hits="0"/>
						<line number="3711" hits="0"/>
						<line number="3714" hits="0"/>
						<line number="3715" hits="0" branch="true" condition-coverage="0% (0/2)" missing-branches="3716,3724"/>
						<line number="3716" hits="0"/>
						<line number="3717" hits="0"/>
						<line number="3718" hits="0"/>
						<line number="3719" hits="0"/>
						<line number="3720" hits="0"/>
						<line number="3721" hits="0"/>
						<line number="3722" hits="0"/>
						<line number="3724" hits="0"/>
[...]
						<line number="10786" hits="0"/>
						<line number="10787" hits="0"/>
						<line number="10788" hits="0" branch="true" condition-coverage="0% (0/2)" missing-branches="10789,10791"/>
						<line number="10789" hits="0"/>
						<line number="10790" hits="0"/>
						<line number="10791" hits="0" branch="true" condition-coverage="0% (0/2)" missing-branches="10793,10796"/>
						<line number="10793" hits="0"/>
						<line number="10794" hits="0"/>
						<line number="10796" hits="0" branch="true" condition-coverage="0% (0/2)" missing-branches="10797,10799"/>
						<line number="10797" hits="0"/>
						<line number="10798" hits="0"/>
						<line number="10799" hits="0" branch="true" condition-coverage="0% (0/2)" missing-branches="10800,10803"/>
						<line number="10800" hits="0"/>
						<line number="10801" hits="0"/>
						<line number="10803" hits="0"/>
						<line number="10804" hits="0"/>
						<line number="10805" hits="0"/>
						<line number="10833" hits="0"/>
						<line number="10834" hits="0"/>
						<line number="10835" hits="0"/>
						<line number="10836" hits="0"/>
						<line number="10837" hits="0" branch="true" condition-coverage="0% (0/2)" missing-branches="10838,10846"/>
						<line number="10838" hits="0"/>
						<line number="10840" hits="0"/>
						<line number="10841" hits="0"/>
						<line number="10842" hits="0"/>
						<line number="10843" hits="0"/>
						<line number="10846" hits="0"/>
						<line number="10855" hits="0"/>
						<line number="10861" hits="0"/>
						<line number="10863" hits="0"/>
						<line number="10931" hits="0"/>
						<line number="10932" hits="0" branch="true" condition-coverage="0% (0/2)" missing-branches="10933,10941"/>
						<line number="10933" hits="0"/>
						<line number="10934" hits="0"/>
						<line number="10935" hits="0"/>
						<line number="10936" hits="0"/>
						<line number="10941" hits="0"/>
						<line number="10942" hits="0"/>
						<line number="10943" hits="0" branch="true" condition-coverage="0% (0/2)" missing-branches="10944,10945"/>
						<line number="10944" hits="0"/>
						<line number="10945" hits="0"/>
						<line number="10946" hits="0"/>
						<line number="10949" hits="1"/>
						<line number="10950" hits="0"/>
						<line number="10951" hits="0" branch="true" condition-coverage="0% (0/2)" missing-branches="10952,10970"/>
						<line number="10952" hits="0"/>
						<line number="10970" hits="0"/>
						<line number="10973" hits="1"/>
						<line number="10974" hits="1"/>
						<line number="10977" hits="0"/>
						<line number="10980" hits="0" branch="true" condition-coverage="0% (0/2)" missing-branches="10981,10984"/>
						<line number="10981" hits="0"/>
						<line number="10982" hits="0"/>
						<line number="10984" hits="0"/>
						<line number="10985" hits="0"/>
						<line number="10986" hits="0"/>
						<line number="10988" hits="0"/>
						<line number="10990" hits="0"/>
						<line number="11016" hits="0"/>
						<line number="11017" hits="0"/>
						<line number="11020" hits="1"/>
						<line number="11021" hits="1"/>
						<line number="11023" hits="0"/>
						<line number="11024" hits="0"/>
						<line number="11025" hits="0"/>
						<line number="11026" hits="0"/>
						<line number="11028" hits="0"/>
						<line number="11029" hits="0"/>
						<line number="11030" hits="0"/>
						<line number="11031" hits="0"/>
						<line number="11057" hits="0"/>
						<line number="11058" hits="0"/>
						<line number="11066" hits="1"/>
						<line number="11067" hits="1"/>
						<line number="11068" hits="0"/>
						<line number="11069" hits="0"/>
						<line number="11070" hits="0"/>
						<line number="11071" hits="0"/>
						<line number="11073" hits="0"/>
						<line number="11080" hits="1"/>
						<line number="11081" hits="1"/>
						<line number="11082" hits="1"/>
						<line number="11083" hits="1"/>
						<line number="11084" hits="1"/>
						<line number="11085" hits="1"/>
						<line number="11092" hits="1"/>
						<line number="11093" hits="1"/>
						<line number="11094" hits="1"/>
						<line number="11106" hits="0" branch="true" condition-coverage="0% (0/2)" missing-branches="11107,11121"/>
						<line number="11107" hits="0"/>
						<line number="11108" hits="0"/>
						<line number="11118" hits="0" branch="true" condition-coverage="0% (0/2)" missing-branches="11119,11121"/>
						<line number="11119" hits="0"/>
						<line number="11120" hits="0"/>
						<line number="11121" hits="0"/>
						<line number="11123" hits="0" branch="true" condition-coverage="0% (0/2)" missing-branches="11124,11126"/>
						<line number="11124" hits="0"/>
						<line number="11126" hits="0"/>
						<line number="11127" hits="0" branch="true" condition-coverage="0% (0/2)" missing-branches="11128,11131"/>
						<line number="11128" hits="0"/>
						<line number="11131" hits="0"/>
						<line number="11132" hits="0"/>
						<line number="11133" hits="0"/>
						<line number="11134" hits="0"/>
						<line number="11135" hits="0"/>
						<line number="11138" hits="0"/>
						<line number="11139" hits="0"/>
						<line number="11140" hits="0"/>
						<line number="11141" hits="0"/>
						<line number="11142" hits="0" branch="true" condition-coverage="0% (0/2)" missing-branches="11143,11148"/>
						<line number="11143" hits="0"/>
						<line number="11144" hits="0"/>
						<line number="11145" hits="0"/>
						<line number="11146" hits="0"/>
						<line number="11148" hits="0"/>
						<line number="11149" hits="0"/>
						<line number="11150" hits="0"/>
						<line number="11151" hits="0"/>
						<line number="11152" hits="0"/>
						<line number="11153" hits="0"/>
						<line number="11155" hits="0"/>
						<line number="11156" hits="0"/>
						<line number="11164" hits="0"/>
						<line number="11169" hits="0"/>
						<line number="11186" hits="0"/>
						<line number="11187" hits="0"/>
						<line number="11188" hits="0"/>
						<line number="11189" hits="0"/>
						<line number="11190" hits="0"/>
						<line number="11199" hits="1"/>
						<line number="11200" hits="1"/>
						<line number="11201" hits="0"/>
						<line number="11205" hits="1"/>
						<line number="11206" hits="1"/>
						<line number="11207" hits="0"/>
						<line number="11211" hits="1"/>
						<line number="11212" hits="1"/>
						<line number="11213" hits="0"/>
						<line number="11217" hits="1"/>
						<line number="11218" hits="1"/>
						<line number="11219" hits="0"/>
						<line number="11222" hits="1"/>
						<line number="11223" hits="1"/>
						<line number="11224" hits="0"/>
						<line number="11228" hits="1"/>
						<line number="11229" hits="1"/>
						<line number="11230" hits="0"/>
						<line number="11233" hits="1"/>
						<line number="11234" hits="1"/>
						<line number="11235" hits="0"/>
						<line number="11239" hits="1"/>
						<line number="11240" hits="1"/>
						<line number="11241" hits="0"/>
						<line number="11245" hits="1"/>
						<line number="11246" hits="1"/>
						<line number="11247" hits="0"/>
						<line number="11251" hits="1"/>
						<line number="11252" hits="1"/>
						<line number="11253" hits="0"/>
						<line number="11257" hits="1"/>
						<line number="11258" hits="1"/>
						<line number="11259" hits="0"/>
						<line number="11262" hits="1"/>
						<line number="11263" hits="1"/>
						<line number="11264" hits="0"/>
						<line number="11267" hits="1"/>
						<line number="11268" hits="1"/>
						<line number="11269" hits="0"/>
						<line number="11273" hits="1"/>
						<line number="11274" hits="1"/>
						<line number="11275" hits="0"/>
						<line number="11276" hits="0"/>
						<line number="11277" hits="0"/>
						<line number="11278" hits="0"/>
						<line number="11279" hits="0"/>
						<line number="11280" hits="0"/>
						<line number="11294" hits="0"/>
						<line number="11295" hits="0"/>
						<line number="11299" hits="1"/>
						<line number="11300" hits="1"/>
						<line number="11301" hits="0"/>
						<line number="11305" hits="1"/>
						<line number="11306" hits="1"/>
						<line number="11307" hits="0"/>
						<line number="11310" hits="1"/>
						<line number="11311" hits="1"/>
						<line number="11312" hits="0"/>
						<line number="11315" hits="1"/>
						<line number="11316" hits="1"/>
						<line number="11317" hits="0"/>
						<line number="11325" hits="1"/>
						<line number="11326" hits="1"/>
						<line number="11327" hits="0"/>
						<line number="11329" hits="0"/>
						<line number="11330" hits="0" branch="true" condition-coverage="0% (0/2)" missing-branches="11331,11332"/>
						<line number="11331" hits="0"/>
						<line number="11332" hits="0"/>
						<line number="11333" hits="0"/>
						<line number="11334" hits="0"/>
						<line number="11335" hits="0"/>
						<line number="11336" hits="0"/>
						<line number="11337" hits="0"/>
						<line number="11339" hits="0"/>
						<line number="11340" hits="0"/>
						<line number="11341" hits="0"/>
						<line number="11342" hits="0"/>
						<line number="11343" hits="0"/>
						<line number="11344" hits="0" branch="true" condition-coverage="0% (0/2)" missing-branches="11345,11353"/>
						<line number="11345" hits="0"/>
						<line number="11346" hits="0" branch="true" condition-coverage="0% (0/2)" missing-branches="11347,11352"/>
						<line number="11347" hits="0" branch="true" condition-coverage="0% (0/2)" missing-branches="11346,11348"/>
						<line number="11348" hits="0"/>
						<line number="11349" hits="0"/>
						<line number="11350" hits="0"/>
						<line number="11351" hits="0"/>
						<line number="11352" hits="0"/>
						<line number="11353" hits="0"/>
						<line number="11354" hits="0"/>
						<line number="11355" hits="0"/>
						<line number="11356" hits="0"/>
						<line number="11360" hits="0"/>
						<line number="11361" hits="0" branch="true" condition-coverage="0% (0/2)" missing-branches="11362,11363"/>
						<line number="11362" hits="0"/>
						<line number="11363" hits="0"/>
						<line number="11368" hits="0"/>
						<line number="11369" hits="0"/>
						<line number="11378" hits="0"/>
						<line number="11381" hits="1"/>
						<line number="11382" hits="1"/>
						<line number="11383" hits="0"/>
						<line number="11384" hits="0"/>
						<line number="11385" hits="0" branch="true" condition-coverage="0% (0/2)" missing-branches="11386,11387"/>
						<line number="11386" hits="0"/>
						<line number="11387" hits="0"/>
						<line number="11388" hits="0"/>
						<line number="11389" hits="0"/>
						<line number="11390" hits="0"/>
						<line number="11391" hits="0"/>
						<line number="11392" hits="0"/>
						<line number="11394" hits="0"/>
						<line number="11395" hits="0"/>
						<line number="11396" hits="0"/>
						<line number="11397" hits="0"/>
						<line number="11398" hits="0"/>
						<line number="11399" hits="0" branch="true" condition-coverage="0% (0/2)" missing-branches="11400,11408"/>
						<line number="11400" hits="0"/>
						<line number="11401" hits="0" branch="true" condition-coverage="0% (0/2)" missing-branches="11402,11407"/>
						<line number="11402" hits="0" branch="true" condition-coverage="0% (0/2)" missing-branches="11401,11403"/>
						<line number="11403" hits="0"/>
						<line number="11404" hits="0"/>
						<line number="11405" hits="0"/>
						<line number="11406" hits="0"/>
						<line number="11407" hits="0"/>
						<line number="11408" hits="0"/>
						<line number="11409" hits="0"/>
						<line number="11410" hits="0"/>
						<line number="11411" hits="0"/>
						<line number="11415" hits="0"/>
						<line number="11416" hits="0" branch="true" condition-coverage="0% (0/2)" missing-branches="11417,11418"/>
						<line number="11417" hits="0"/>
						<line number="11418" hits="0"/>
						<line number="11423" hits="0"/>
						<line number="11424" hits="0"/>
						<line number="11433" hits="0"/>
						<line number="11437" hits="1"/>
						<line number="11438" hits="1"/>
						<line number="11439" hits="0"/>
						<line number="11442" hits="1"/>
						<line number="11443" hits="1"/>
						<line number="11444" hits="0"/>
						<line number="11452" hits="1"/>
						<line number="11453" hits="1"/>
						<line number="11455" hits="0"/>
						<line number="11457" hits="0"/>
						<line number="11458" hits="0"/>
						<line number="11460" hits="0"/>
						<line number="11461" hits="0"/>
						<line number="11462" hits="0"/>
						<line number="11463" hits="0"/>
						<line number="11466" hits="0"/>
						<line number="11467" hits="0"/>
						<line number="11469" hits="0"/>
						<line number="11470" hits="0"/>
						<line number="11473" hits="0"/>
						<line number="11474" hits="0"/>
						<line number="11475" hits="0"/>
						<line number="11476" hits="0"/>
						<line number="11479" hits="0"/>
						<line number="11487" hits="1"/>
						<line number="11488" hits="1"/>
						<line number="11489" hits="0"/>
						<line number="11490" hits="0"/>
						<line number="11491" hits="0"/>
						<line number="11492" hits="0"/>
						<line number="11493" hits="0"/>
						<line number="11494" hits="0"/>
						<line number="11495" hits="0"/>
						<line number="11496" hits="0"/>
						<line number="11497" hits="0"/>
						<line number="11514" hits="1"/>
						<line number="11515" hits="1"/>
						<line number="11516" hits="0"/>
						<line number="11517" hits="0"/>
						<line number="11518" hits="0"/>
						<line number="11519" hits="0"/>
						<line number="11520" hits="0"/>
						<line number="11529" hits="0"/>
						<line number="11530" hits="0"/>
						<line number="11531" hits="0"/>
						<line number="11534" hits="1"/>
						<line number="11535" hits="1"/>
						<line number="11536" hits="0"/>
						<line number="11538" hits="0" branch="true" condition-coverage="0% (0/2)" missing-branches="11539,11540"/>
						<line number="11539" hits="0"/>
						<line number="11540" hits="0" branch="true" condition-coverage="0% (0/2)" missing-branches="exit,11541"/>
						<line number="11541" hits="0" branch="true" condition-coverage="0% (0/2)" missing-branches="exit,11544"/>
						<line number="11544" hits="0"/>
						<line number="11545" hits="0"/>
						<line number="11546" hits="0" branch="true" condition-coverage="0% (0/2)" missing-branches="11547,11558"/>
						<line number="11547" hits="0"/>
						<line number="11548" hits="0"/>
						<line number="11550" hits="0"/>
						<line number="11553" hits="0" branch="true" condition-coverage="0% (0/2)" missing-branches="11554,11558"/>
						<line number="11554" hits="0"/>
						<line number="11555" hits="0"/>
						<line number="11556" hits="0"/>
						<line number="11558" hits="0" branch="true" condition-coverage="0% (0/2)" missing-branches="11559,11560"/>
						<line number="11559" hits="0"/>
						<line number="11560" hits="0" branch="true" condition-coverage="0% (0/2)" missing-branches="exit,11561"/>
						<line number="11561" hits="0"/>
						<line number="11564" hits="0"/>
						<line number="11565" hits="0"/>
						<line number="11571" hits="1"/>
						<line number="11572" hits="1"/>
						<line number="11574" hits="0"/>
						<line number="11575" hits="0"/>
						<line number="11577" hits="0"/>
						<line number="11578" hits="0"/>
						<line number="11579" hits="0"/>
						<line number="11580" hits="0"/>
						<line number="11581" hits="0"/>
						<line number="11582" hits="0"/>
						<line number="11583" hits="0"/>
						<line number="11584" hits="0"/>
						<line number="11585" hits="0" branch="true" condition-coverage="0% (0/2)" missing-branches="11587,11638"/>
						<line number="11587" hits="0"/>
						<line number="11588" hits="0"/>
						<line number="11589" hits="0" branch="true" condition-coverage="0% (0/2)" missing-branches="11590,11611"/>
						<line number="11590" hits="0"/>
						<line number="11591" hits="0"/>
						<line number="11592" hits="0"/>
						<line number="11594" hits="0"/>
						<line number="11597" hits="0" branch="true" condition-coverage="0% (0/2)" missing-branches="11598,11602"/>
						<line number="11598" hits="0"/>
						<line number="11602" hits="0"/>
						<line number="11605" hits="0"/>
						<line number="11606" hits="0" branch="true" condition-coverage="0% (0/2)" missing-branches="11607,11611"/>
						<line number="11607" hits="0"/>
						<line number="11608" hits="0"/>
						<line number="11609" hits="0"/>
						<line number="11610" hits="0"/>
						<line number="11611" hits="0" branch="true" condition-coverage="0% (0/2)" missing-branches="11613,11615"/>
						<line number="11613" hits="0"/>
						<line number="11615" hits="0"/>
						<line number="11617" hits="0"/>
						<line number="11619" hits="0"/>
						<line number="11620" hits="0"/>
						<line number="11621" hits="0"/>
						<line number="11622" hits="0"/>
						<line number="11624" hits="0"/>
						<line number="11625" hits="0" branch="true" condition-coverage="0% (0/2)" missing-branches="11626,11638"/>
						<line number="11626" hits="0"/>
						<line number="11627" hits="0"/>
						<line number="11629" hits="0"/>
						<line number="11634" hits="0"/>
						<line number="11635" hits="0"/>
						<line number="11636" hits="0"/>
						<line number="11637" hits="0"/>
						<line number="11638" hits="0"/>
						<line number="11641" hits="1"/>
						<line number="11642" hits="1"/>
						<line number="11644" hits="0"/>
						<line number="11645" hits="0"/>
						<line number="11646" hits="0"/>
						<line number="11647" hits="0"/>
						<line number="11649" hits="0"/>
						<line number="11650" hits="0"/>
						<line number="11651" hits="0"/>
						<line number="11652" hits="0"/>
						<line number="11653" hits="0"/>
						<line number="11655" hits="0"/>
						<line number="11656" hits="0"/>
						<line number="11658" hits="0"/>
						<line number="11659" hits="0" branch="true" condition-coverage="0% (0/2)" missing-branches="11660,11665"/>
						<line number="11660" hits="0"/>
						<line number="11661" hits="0"/>
						<line number="11662" hits="0" branch="true" condition-coverage="0% (0/2)" missing-branches="11663,11665"/>
						<line number="11663" hits="0"/>
						<line number="11665" hits="0"/>
						<line number="11666" hits="0" branch="true" condition-coverage="0% (0/2)" missing-branches="11667,11670"/>
						<line number="11667" hits="0"/>
						<line number="11670" hits="0"/>
						<line number="11671" hits="0" branch="true" condition-coverage="0% (0/2)" missing-branches="11672,11674"/>
						<line number="11672" hits="0"/>
						<line number="11674" hits="0"/>
						<line number="11675" hits="0"/>
						<line number="11677" hits="0"/>
						<line number="11678" hits="0"/>
						<line number="11680" hits="0"/>
						<line number="11682" hits="0"/>
						<line number="11683" hits="0" branch="true" condition-coverage="0% (0/2)" missing-branches="11684,11686"/>
						<line number="11684" hits="0"/>
						<line number="11686" hits="0"/>
						<line number="11687" hits="0"/>
						<line number="11688" hits="0" branch="true" condition-coverage="0% (0/2)" missing-branches="11689,11690"/>
						<line number="11689" hits="0"/>
						<line number="11690" hits="0"/>
						<line number="11691" hits="0"/>
						<line number="11692" hits="0"/>
						<line number="11693" hits="0"/>
						<line number="11696" hits="0"/>
						<line number="11697" hits="0"/>
						<line number="11698" hits="0" branch="true" condition-coverage="0% (0/2)" missing-branches="11700,11701"/>
						<line number="11700" hits="0"/>
						<line number="11701" hits="0"/>
						<line number="11702" hits="0" branch="true" condition-coverage="0% (0/2)" missing-branches="11703,11705"/>
						<line number="11703" hits="0"/>
						<line number="11705" hits="0"/>
						<line number="11706" hits="0"/>
						<line number="11711" hits="0"/>
						<line number="11712" hits="0"/>
						<line number="11713" hits="0"/>
						<line number="11714" hits="0"/>
						<line number="11715" hits="0"/>
					</lines>
				</class>
			</classes>
		</package>
	</packages>
</coverage>
